2023-05-19 10:05:962 INFO  HomePage :35 - Mouse hoover on search car and click :[[ChromeDriver: chrome on WINDOWS (51eb361f92630bc8465e930a6463cda9)] -> xpath: //a[normalize-space()='Search Cars']]
2023-05-19 10:05:785 INFO  NewUsedCarPage :33 - Verify Text New used Car : [[ChromeDriver: chrome on WINDOWS (51eb361f92630bc8465e930a6463cda9)] -> tag name: h1]
2023-05-19 10:05:873 INFO  NewUsedCarPage :45 - Select make :[[ChromeDriver: chrome on WINDOWS (51eb361f92630bc8465e930a6463cda9)] -> css selector: #makes]
2023-05-19 10:05:243 INFO  NewUsedCarPage :58 - Select Model : [[ChromeDriver: chrome on WINDOWS (51eb361f92630bc8465e930a6463cda9)] -> css selector: #models]
2023-05-19 10:05:394 INFO  NewUsedCarPage :70 - Select location : [[ChromeDriver: chrome on WINDOWS (51eb361f92630bc8465e930a6463cda9)] -> css selector: #locations]
2023-05-19 10:05:550 INFO  NewUsedCarPage :82 - Select price : [[ChromeDriver: chrome on WINDOWS (51eb361f92630bc8465e930a6463cda9)] -> css selector: #priceTo]
2023-05-19 10:05:772 INFO  NewUsedCarPage :93 - Click on find my new car
2023-05-19 10:05:193 INFO  ResultPage :37 - Verify the result :[[ChromeDriver: chrome on WINDOWS (51eb361f92630bc8465e930a6463cda9)] -> xpath: //h1[@class='listing-search-title']]
2023-05-19 10:05:735 INFO  HomePage :35 - Mouse hoover on search car and click :[[ChromeDriver: chrome on WINDOWS (19ca845932016a4df7ec86a8c3992fd3)] -> xpath: //a[normalize-space()='Search Cars']]
2023-05-19 10:05:270 INFO  NewUsedCarPage :33 - Verify Text New used Car : [[ChromeDriver: chrome on WINDOWS (19ca845932016a4df7ec86a8c3992fd3)] -> tag name: h1]
2023-05-19 10:05:685 INFO  NewUsedCarPage :45 - Select make :[[ChromeDriver: chrome on WINDOWS (19ca845932016a4df7ec86a8c3992fd3)] -> css selector: #makes]
2023-05-19 10:05:817 INFO  NewUsedCarPage :58 - Select Model : [[ChromeDriver: chrome on WINDOWS (19ca845932016a4df7ec86a8c3992fd3)] -> css selector: #models]
2023-05-19 10:05:937 INFO  NewUsedCarPage :70 - Select location : [[ChromeDriver: chrome on WINDOWS (19ca845932016a4df7ec86a8c3992fd3)] -> css selector: #locations]
2023-05-19 10:05:44 INFO  NewUsedCarPage :82 - Select price : [[ChromeDriver: chrome on WINDOWS (19ca845932016a4df7ec86a8c3992fd3)] -> css selector: #priceTo]
2023-05-19 10:05:298 INFO  NewUsedCarPage :93 - Click on find my new car
2023-05-19 10:05:833 INFO  HomePage :35 - Mouse hoover on search car and click :[[ChromeDriver: chrome on WINDOWS (a25060cbc38127af134d5243753552be)] -> xpath: //a[normalize-space()='Search Cars']]
2023-05-19 10:05:161 INFO  NewUsedCarPage :33 - Verify Text New used Car : [[ChromeDriver: chrome on WINDOWS (a25060cbc38127af134d5243753552be)] -> tag name: h1]
2023-05-19 10:05:318 INFO  NewUsedCarPage :45 - Select make :[[ChromeDriver: chrome on WINDOWS (a25060cbc38127af134d5243753552be)] -> css selector: #makes]
2023-05-19 10:05:439 INFO  NewUsedCarPage :58 - Select Model : [[ChromeDriver: chrome on WINDOWS (a25060cbc38127af134d5243753552be)] -> css selector: #models]
2023-05-19 10:05:609 INFO  NewUsedCarPage :70 - Select location : [[ChromeDriver: chrome on WINDOWS (a25060cbc38127af134d5243753552be)] -> css selector: #locations]
2023-05-19 10:05:782 INFO  NewUsedCarPage :82 - Select price : [[ChromeDriver: chrome on WINDOWS (a25060cbc38127af134d5243753552be)] -> css selector: #priceTo]
2023-05-19 10:05:465 INFO  NewUsedCarPage :93 - Click on find my new car
2023-05-19 10:05:222 INFO  HomePage :35 - Mouse hoover on search car and click :[[ChromeDriver: chrome on WINDOWS (c84471f035cc8c41d42d93c1e4fa2d28)] -> xpath: //a[normalize-space()='Search Cars']]
2023-05-19 10:05:566 INFO  NewUsedCarPage :33 - Verify Text New used Car : [[ChromeDriver: chrome on WINDOWS (c84471f035cc8c41d42d93c1e4fa2d28)] -> tag name: h1]
2023-05-19 10:05:735 INFO  NewUsedCarPage :45 - Select make :[[ChromeDriver: chrome on WINDOWS (c84471f035cc8c41d42d93c1e4fa2d28)] -> css selector: #makes]
2023-05-19 10:05:849 INFO  NewUsedCarPage :58 - Select Model : [[ChromeDriver: chrome on WINDOWS (c84471f035cc8c41d42d93c1e4fa2d28)] -> css selector: #models]
2023-05-19 10:05:987 INFO  NewUsedCarPage :70 - Select location : [[ChromeDriver: chrome on WINDOWS (c84471f035cc8c41d42d93c1e4fa2d28)] -> css selector: #locations]
2023-05-19 10:05:147 INFO  NewUsedCarPage :82 - Select price : [[ChromeDriver: chrome on WINDOWS (c84471f035cc8c41d42d93c1e4fa2d28)] -> css selector: #priceTo]
2023-05-19 10:05:241 INFO  NewUsedCarPage :93 - Click on find my new car
2023-05-19 10:05:768 INFO  HomePage :35 - Mouse hoover on search car and click :[[ChromeDriver: chrome on WINDOWS (ddaf9b383976e5aef57de203ac48d804)] -> xpath: //a[normalize-space()='Search Cars']]
2023-05-19 10:05:33 INFO  NewUsedCarPage :33 - Verify Text New used Car : [[ChromeDriver: chrome on WINDOWS (ddaf9b383976e5aef57de203ac48d804)] -> tag name: h1]
2023-05-19 10:05:226 INFO  NewUsedCarPage :45 - Select make :[[ChromeDriver: chrome on WINDOWS (ddaf9b383976e5aef57de203ac48d804)] -> css selector: #makes]
2023-05-19 10:05:329 INFO  NewUsedCarPage :58 - Select Model : [[ChromeDriver: chrome on WINDOWS (ddaf9b383976e5aef57de203ac48d804)] -> css selector: #models]
2023-05-19 10:05:427 INFO  NewUsedCarPage :70 - Select location : [[ChromeDriver: chrome on WINDOWS (ddaf9b383976e5aef57de203ac48d804)] -> css selector: #locations]
2023-05-19 10:05:561 INFO  NewUsedCarPage :82 - Select price : [[ChromeDriver: chrome on WINDOWS (ddaf9b383976e5aef57de203ac48d804)] -> css selector: #priceTo]
2023-05-19 10:05:917 INFO  NewUsedCarPage :93 - Click on find my new car
2023-05-19 10:05:854 INFO  HomePage :35 - Mouse hoover on search car and click :[[ChromeDriver: chrome on WINDOWS (4e9fc5c6258a7f9692ac438629631457)] -> xpath: //a[normalize-space()='Search Cars']]
2023-05-19 10:05:456 INFO  NewUsedCarPage :33 - Verify Text New used Car : [[ChromeDriver: chrome on WINDOWS (4e9fc5c6258a7f9692ac438629631457)] -> tag name: h1]
2023-05-19 10:05:898 INFO  NewUsedCarPage :45 - Select make :[[ChromeDriver: chrome on WINDOWS (4e9fc5c6258a7f9692ac438629631457)] -> css selector: #makes]
2023-05-19 10:05:662 INFO  NewUsedCarPage :58 - Select Model : [[ChromeDriver: chrome on WINDOWS (4e9fc5c6258a7f9692ac438629631457)] -> css selector: #models]
2023-05-19 10:05:827 INFO  NewUsedCarPage :70 - Select location : [[ChromeDriver: chrome on WINDOWS (4e9fc5c6258a7f9692ac438629631457)] -> css selector: #locations]
2023-05-19 10:05:50 INFO  NewUsedCarPage :82 - Select price : [[ChromeDriver: chrome on WINDOWS (4e9fc5c6258a7f9692ac438629631457)] -> css selector: #priceTo]
2023-05-19 10:05:394 INFO  NewUsedCarPage :93 - Click on find my new car
2023-05-19 10:05:210 INFO  HomePage :45 - Mouse hoover on Used car and click : [[ChromeDriver: chrome on WINDOWS (e9960693f0942cec343d2e58e076b29b)] -> link text: Used]
2023-05-19 10:05:472 INFO  UsedCarForSalePage :29 - Verify text used car :[[ChromeDriver: chrome on WINDOWS (e9960693f0942cec343d2e58e076b29b)] -> tag name: h1]
2023-05-19 10:05:606 INFO  NewUsedCarPage :45 - Select make :[[ChromeDriver: chrome on WINDOWS (e9960693f0942cec343d2e58e076b29b)] -> css selector: #makes]
2023-05-19 10:05:731 INFO  NewUsedCarPage :58 - Select Model : [[ChromeDriver: chrome on WINDOWS (e9960693f0942cec343d2e58e076b29b)] -> css selector: #models]
2023-05-19 10:05:871 INFO  NewUsedCarPage :70 - Select location : [[ChromeDriver: chrome on WINDOWS (e9960693f0942cec343d2e58e076b29b)] -> css selector: #locations]
2023-05-19 10:05:29 INFO  NewUsedCarPage :82 - Select price : [[ChromeDriver: chrome on WINDOWS (e9960693f0942cec343d2e58e076b29b)] -> css selector: #priceTo]
2023-05-19 10:05:373 INFO  NewUsedCarPage :93 - Click on find my new car
2023-05-19 10:05:527 INFO  ResultPage :37 - Verify the result :[[ChromeDriver: chrome on WINDOWS (e9960693f0942cec343d2e58e076b29b)] -> xpath: //h1[@class='listing-search-title']]
2023-05-19 10:05:46 INFO  HomePage :45 - Mouse hoover on Used car and click : [[ChromeDriver: chrome on WINDOWS (0aaec1c109ca661429afd4deccf54d8b)] -> link text: Used]
2023-05-19 10:05:418 INFO  UsedCarForSalePage :29 - Verify text used car :[[ChromeDriver: chrome on WINDOWS (0aaec1c109ca661429afd4deccf54d8b)] -> tag name: h1]
2023-05-19 10:05:965 INFO  NewUsedCarPage :45 - Select make :[[ChromeDriver: chrome on WINDOWS (0aaec1c109ca661429afd4deccf54d8b)] -> css selector: #makes]
2023-05-19 10:05:116 INFO  NewUsedCarPage :58 - Select Model : [[ChromeDriver: chrome on WINDOWS (0aaec1c109ca661429afd4deccf54d8b)] -> css selector: #models]
2023-05-19 10:05:249 INFO  NewUsedCarPage :70 - Select location : [[ChromeDriver: chrome on WINDOWS (0aaec1c109ca661429afd4deccf54d8b)] -> css selector: #locations]
2023-05-19 10:05:392 INFO  NewUsedCarPage :82 - Select price : [[ChromeDriver: chrome on WINDOWS (0aaec1c109ca661429afd4deccf54d8b)] -> css selector: #priceTo]
2023-05-19 10:05:281 INFO  NewUsedCarPage :93 - Click on find my new car
2023-05-19 10:05:901 INFO  HomePage :45 - Mouse hoover on Used car and click : [[ChromeDriver: chrome on WINDOWS (96201182e5691e8f8e5ca73c1fcf1a45)] -> link text: Used]
2023-05-19 10:05:895 INFO  UsedCarForSalePage :29 - Verify text used car :[[ChromeDriver: chrome on WINDOWS (96201182e5691e8f8e5ca73c1fcf1a45)] -> tag name: h1]
2023-05-19 10:05:270 INFO  NewUsedCarPage :45 - Select make :[[ChromeDriver: chrome on WINDOWS (96201182e5691e8f8e5ca73c1fcf1a45)] -> css selector: #makes]
2023-05-19 10:05:417 INFO  NewUsedCarPage :58 - Select Model : [[ChromeDriver: chrome on WINDOWS (96201182e5691e8f8e5ca73c1fcf1a45)] -> css selector: #models]
2023-05-19 10:05:575 INFO  NewUsedCarPage :70 - Select location : [[ChromeDriver: chrome on WINDOWS (96201182e5691e8f8e5ca73c1fcf1a45)] -> css selector: #locations]
2023-05-19 10:05:737 INFO  NewUsedCarPage :82 - Select price : [[ChromeDriver: chrome on WINDOWS (96201182e5691e8f8e5ca73c1fcf1a45)] -> css selector: #priceTo]
2023-05-19 10:05:966 INFO  NewUsedCarPage :93 - Click on find my new car
2023-05-19 10:05:858 INFO  HomePage :45 - Mouse hoover on Used car and click : [[ChromeDriver: chrome on WINDOWS (1c15b52bbb82718d9e5598cb794ace68)] -> link text: Used]
2023-05-19 10:05:930 INFO  UsedCarForSalePage :29 - Verify text used car :[[ChromeDriver: chrome on WINDOWS (1c15b52bbb82718d9e5598cb794ace68)] -> tag name: h1]
2023-05-19 10:05:539 INFO  NewUsedCarPage :45 - Select make :[[ChromeDriver: chrome on WINDOWS (1c15b52bbb82718d9e5598cb794ace68)] -> css selector: #makes]
2023-05-19 10:05:637 INFO  NewUsedCarPage :58 - Select Model : [[ChromeDriver: chrome on WINDOWS (1c15b52bbb82718d9e5598cb794ace68)] -> css selector: #models]
2023-05-19 10:05:763 INFO  NewUsedCarPage :70 - Select location : [[ChromeDriver: chrome on WINDOWS (1c15b52bbb82718d9e5598cb794ace68)] -> css selector: #locations]
2023-05-19 10:05:897 INFO  NewUsedCarPage :82 - Select price : [[ChromeDriver: chrome on WINDOWS (1c15b52bbb82718d9e5598cb794ace68)] -> css selector: #priceTo]
2023-05-19 10:05:434 INFO  NewUsedCarPage :93 - Click on find my new car
2023-05-19 10:05:887 INFO  HomePage :45 - Mouse hoover on Used car and click : [[ChromeDriver: chrome on WINDOWS (b41858e6b30510f10849e3b7c1c75492)] -> link text: Used]
2023-05-19 10:05:67 INFO  UsedCarForSalePage :29 - Verify text used car :[[ChromeDriver: chrome on WINDOWS (b41858e6b30510f10849e3b7c1c75492)] -> tag name: h1]
2023-05-19 10:05:578 INFO  NewUsedCarPage :45 - Select make :[[ChromeDriver: chrome on WINDOWS (b41858e6b30510f10849e3b7c1c75492)] -> css selector: #makes]
2023-05-19 10:05:683 INFO  NewUsedCarPage :58 - Select Model : [[ChromeDriver: chrome on WINDOWS (b41858e6b30510f10849e3b7c1c75492)] -> css selector: #models]
2023-05-19 10:05:778 INFO  NewUsedCarPage :70 - Select location : [[ChromeDriver: chrome on WINDOWS (b41858e6b30510f10849e3b7c1c75492)] -> css selector: #locations]
2023-05-19 10:05:924 INFO  NewUsedCarPage :82 - Select price : [[ChromeDriver: chrome on WINDOWS (b41858e6b30510f10849e3b7c1c75492)] -> css selector: #priceTo]
2023-05-19 10:05:242 INFO  NewUsedCarPage :93 - Click on find my new car
2023-05-19 10:05:518 INFO  HomePage :45 - Mouse hoover on Used car and click : [[ChromeDriver: chrome on WINDOWS (32caa3c37a9dd1bafcd12c73579365a2)] -> link text: Used]
2023-05-19 10:05:510 INFO  UsedCarForSalePage :29 - Verify text used car :[[ChromeDriver: chrome on WINDOWS (32caa3c37a9dd1bafcd12c73579365a2)] -> tag name: h1]
2023-05-19 10:05:945 INFO  NewUsedCarPage :45 - Select make :[[ChromeDriver: chrome on WINDOWS (32caa3c37a9dd1bafcd12c73579365a2)] -> css selector: #makes]
2023-05-19 10:05:69 INFO  NewUsedCarPage :58 - Select Model : [[ChromeDriver: chrome on WINDOWS (32caa3c37a9dd1bafcd12c73579365a2)] -> css selector: #models]
2023-05-19 10:05:165 INFO  NewUsedCarPage :70 - Select location : [[ChromeDriver: chrome on WINDOWS (32caa3c37a9dd1bafcd12c73579365a2)] -> css selector: #locations]
2023-05-19 10:05:283 INFO  NewUsedCarPage :82 - Select price : [[ChromeDriver: chrome on WINDOWS (32caa3c37a9dd1bafcd12c73579365a2)] -> css selector: #priceTo]
2023-05-19 10:05:178 INFO  NewUsedCarPage :93 - Click on find my new car
2023-05-19 10:05:584 INFO  HomePage :55 - Mouse hoover on find dealer and click : [[ChromeDriver: chrome on WINDOWS (433a6590af8e4063ca7b7e293b6777a8)] -> xpath: //a[contains(text(),'Find a Dealer')]]
2023-05-19 10:05:899 INFO  FindDealPage :32 - Verify page find deal:[[ChromeDriver: chrome on WINDOWS (433a6590af8e4063ca7b7e293b6777a8)] -> tag name: h1]
2023-05-19 10:05:925 INFO  HomePage :35 - Mouse hoover on search car and click :[[ChromeDriver: chrome on WINDOWS (53d3378b7a7c999e028496a124beddc2)] -> xpath: //a[normalize-space()='Search Cars']]
2023-05-19 10:05:812 INFO  NewUsedCarPage :33 - Verify Text New used Car : [[ChromeDriver: chrome on WINDOWS (53d3378b7a7c999e028496a124beddc2)] -> tag name: h1]
2023-05-19 10:05:267 INFO  NewUsedCarPage :45 - Select make :[[ChromeDriver: chrome on WINDOWS (53d3378b7a7c999e028496a124beddc2)] -> css selector: #makes]
2023-05-19 10:05:442 INFO  NewUsedCarPage :58 - Select Model : [[ChromeDriver: chrome on WINDOWS (53d3378b7a7c999e028496a124beddc2)] -> css selector: #models]
2023-05-19 10:05:591 INFO  NewUsedCarPage :70 - Select location : [[ChromeDriver: chrome on WINDOWS (53d3378b7a7c999e028496a124beddc2)] -> css selector: #locations]
2023-05-19 10:05:761 INFO  NewUsedCarPage :82 - Select price : [[ChromeDriver: chrome on WINDOWS (53d3378b7a7c999e028496a124beddc2)] -> css selector: #priceTo]
2023-05-19 10:05:241 INFO  NewUsedCarPage :93 - Click on find my new car
2023-05-19 10:05:476 INFO  ResultPage :37 - Verify the result :[[ChromeDriver: chrome on WINDOWS (53d3378b7a7c999e028496a124beddc2)] -> xpath: //h1[@class='listing-search-title']]
2023-05-19 10:05:484 INFO  HomePage :35 - Mouse hoover on search car and click :[[ChromeDriver: chrome on WINDOWS (8eb6e409c3d009873470f3d09f67e7fb)] -> xpath: //a[normalize-space()='Search Cars']]
2023-05-19 10:05:699 INFO  NewUsedCarPage :33 - Verify Text New used Car : [[ChromeDriver: chrome on WINDOWS (8eb6e409c3d009873470f3d09f67e7fb)] -> tag name: h1]
2023-05-19 10:05:858 INFO  NewUsedCarPage :45 - Select make :[[ChromeDriver: chrome on WINDOWS (8eb6e409c3d009873470f3d09f67e7fb)] -> css selector: #makes]
2023-05-19 10:05:66 INFO  NewUsedCarPage :58 - Select Model : [[ChromeDriver: chrome on WINDOWS (8eb6e409c3d009873470f3d09f67e7fb)] -> css selector: #models]
2023-05-19 10:05:186 INFO  NewUsedCarPage :70 - Select location : [[ChromeDriver: chrome on WINDOWS (8eb6e409c3d009873470f3d09f67e7fb)] -> css selector: #locations]
2023-05-19 10:05:288 INFO  NewUsedCarPage :82 - Select price : [[ChromeDriver: chrome on WINDOWS (8eb6e409c3d009873470f3d09f67e7fb)] -> css selector: #priceTo]
2023-05-19 10:05:633 INFO  NewUsedCarPage :93 - Click on find my new car
2023-05-19 10:05:853 INFO  ResultPage :37 - Verify the result :[[ChromeDriver: chrome on WINDOWS (8eb6e409c3d009873470f3d09f67e7fb)] -> xpath: //h1[@class='listing-search-title']]
2023-05-19 10:05:614 INFO  HomePage :35 - Mouse hoover on search car and click :[[ChromeDriver: chrome on WINDOWS (a315d2039d4be9e36e43b202722f4ddf)] -> xpath: //a[normalize-space()='Search Cars']]
2023-05-19 10:05:921 INFO  NewUsedCarPage :33 - Verify Text New used Car : [[ChromeDriver: chrome on WINDOWS (a315d2039d4be9e36e43b202722f4ddf)] -> tag name: h1]
2023-05-19 10:05:327 INFO  NewUsedCarPage :45 - Select make :[[ChromeDriver: chrome on WINDOWS (a315d2039d4be9e36e43b202722f4ddf)] -> css selector: #makes]
2023-05-19 10:05:397 INFO  NewUsedCarPage :58 - Select Model : [[ChromeDriver: chrome on WINDOWS (a315d2039d4be9e36e43b202722f4ddf)] -> css selector: #models]
2023-05-19 10:05:495 INFO  NewUsedCarPage :70 - Select location : [[ChromeDriver: chrome on WINDOWS (a315d2039d4be9e36e43b202722f4ddf)] -> css selector: #locations]
2023-05-19 10:05:607 INFO  NewUsedCarPage :82 - Select price : [[ChromeDriver: chrome on WINDOWS (a315d2039d4be9e36e43b202722f4ddf)] -> css selector: #priceTo]
2023-05-19 10:05:711 INFO  NewUsedCarPage :93 - Click on find my new car
2023-05-19 10:05:951 INFO  ResultPage :37 - Verify the result :[[ChromeDriver: chrome on WINDOWS (a315d2039d4be9e36e43b202722f4ddf)] -> xpath: //h1[@class='listing-search-title']]
2023-05-19 10:05:150 INFO  HomePage :35 - Mouse hoover on search car and click :[[ChromeDriver: chrome on WINDOWS (1350898a7072840745ff8b20919b6183)] -> xpath: //a[normalize-space()='Search Cars']]
2023-05-19 10:05:201 INFO  NewUsedCarPage :33 - Verify Text New used Car : [[ChromeDriver: chrome on WINDOWS (1350898a7072840745ff8b20919b6183)] -> tag name: h1]
2023-05-19 10:05:451 INFO  NewUsedCarPage :45 - Select make :[[ChromeDriver: chrome on WINDOWS (1350898a7072840745ff8b20919b6183)] -> css selector: #makes]
2023-05-19 10:05:901 INFO  NewUsedCarPage :58 - Select Model : [[ChromeDriver: chrome on WINDOWS (1350898a7072840745ff8b20919b6183)] -> css selector: #models]
2023-05-19 10:05:135 INFO  NewUsedCarPage :70 - Select location : [[ChromeDriver: chrome on WINDOWS (1350898a7072840745ff8b20919b6183)] -> css selector: #locations]
2023-05-19 10:05:299 INFO  NewUsedCarPage :82 - Select price : [[ChromeDriver: chrome on WINDOWS (1350898a7072840745ff8b20919b6183)] -> css selector: #priceTo]
2023-05-19 10:05:691 INFO  NewUsedCarPage :93 - Click on find my new car
2023-05-19 10:05:937 INFO  ResultPage :37 - Verify the result :[[ChromeDriver: chrome on WINDOWS (1350898a7072840745ff8b20919b6183)] -> xpath: //h1[@class='listing-search-title']]
2023-05-19 10:05:808 INFO  HomePage :35 - Mouse hoover on search car and click :[[ChromeDriver: chrome on WINDOWS (d39771e3c1c23171ce71e1e48a667369)] -> xpath: //a[normalize-space()='Search Cars']]
2023-05-19 10:05:188 INFO  NewUsedCarPage :33 - Verify Text New used Car : [[ChromeDriver: chrome on WINDOWS (d39771e3c1c23171ce71e1e48a667369)] -> tag name: h1]
2023-05-19 10:05:382 INFO  NewUsedCarPage :45 - Select make :[[ChromeDriver: chrome on WINDOWS (d39771e3c1c23171ce71e1e48a667369)] -> css selector: #makes]
2023-05-19 10:05:481 INFO  NewUsedCarPage :58 - Select Model : [[ChromeDriver: chrome on WINDOWS (d39771e3c1c23171ce71e1e48a667369)] -> css selector: #models]
2023-05-19 10:05:583 INFO  NewUsedCarPage :70 - Select location : [[ChromeDriver: chrome on WINDOWS (d39771e3c1c23171ce71e1e48a667369)] -> css selector: #locations]
2023-05-19 10:05:700 INFO  NewUsedCarPage :82 - Select price : [[ChromeDriver: chrome on WINDOWS (d39771e3c1c23171ce71e1e48a667369)] -> css selector: #priceTo]
2023-05-19 10:05:802 INFO  NewUsedCarPage :93 - Click on find my new car
2023-05-19 10:05:863 INFO  ResultPage :37 - Verify the result :[[ChromeDriver: chrome on WINDOWS (d39771e3c1c23171ce71e1e48a667369)] -> xpath: //h1[@class='listing-search-title']]
2023-05-19 10:05:599 INFO  HomePage :35 - Mouse hoover on search car and click :[[ChromeDriver: chrome on WINDOWS (fe1123939fa191f3686ada4da17e779e)] -> xpath: //a[normalize-space()='Search Cars']]
2023-05-19 10:05:812 INFO  NewUsedCarPage :33 - Verify Text New used Car : [[ChromeDriver: chrome on WINDOWS (fe1123939fa191f3686ada4da17e779e)] -> tag name: h1]
2023-05-19 10:05:946 INFO  NewUsedCarPage :45 - Select make :[[ChromeDriver: chrome on WINDOWS (fe1123939fa191f3686ada4da17e779e)] -> css selector: #makes]
2023-05-19 10:05:107 INFO  NewUsedCarPage :58 - Select Model : [[ChromeDriver: chrome on WINDOWS (fe1123939fa191f3686ada4da17e779e)] -> css selector: #models]
2023-05-19 10:05:177 INFO  NewUsedCarPage :70 - Select location : [[ChromeDriver: chrome on WINDOWS (fe1123939fa191f3686ada4da17e779e)] -> css selector: #locations]
2023-05-19 10:05:271 INFO  NewUsedCarPage :82 - Select price : [[ChromeDriver: chrome on WINDOWS (fe1123939fa191f3686ada4da17e779e)] -> css selector: #priceTo]
2023-05-19 10:05:923 INFO  NewUsedCarPage :93 - Click on find my new car
2023-05-19 10:05:177 INFO  ResultPage :37 - Verify the result :[[ChromeDriver: chrome on WINDOWS (fe1123939fa191f3686ada4da17e779e)] -> xpath: //h1[@class='listing-search-title']]
2023-05-19 10:05:235 INFO  HomePage :45 - Mouse hoover on Used car and click : [[ChromeDriver: chrome on WINDOWS (f7ce8318a2b1034bfe03ba2c24a44662)] -> link text: Used]
2023-05-19 10:05:463 INFO  UsedCarForSalePage :29 - Verify text used car :[[ChromeDriver: chrome on WINDOWS (f7ce8318a2b1034bfe03ba2c24a44662)] -> tag name: h1]
2023-05-19 10:05:665 INFO  NewUsedCarPage :45 - Select make :[[ChromeDriver: chrome on WINDOWS (f7ce8318a2b1034bfe03ba2c24a44662)] -> css selector: #makes]
2023-05-19 10:05:796 INFO  NewUsedCarPage :58 - Select Model : [[ChromeDriver: chrome on WINDOWS (f7ce8318a2b1034bfe03ba2c24a44662)] -> css selector: #models]
2023-05-19 10:05:919 INFO  NewUsedCarPage :70 - Select location : [[ChromeDriver: chrome on WINDOWS (f7ce8318a2b1034bfe03ba2c24a44662)] -> css selector: #locations]
2023-05-19 10:05:52 INFO  NewUsedCarPage :82 - Select price : [[ChromeDriver: chrome on WINDOWS (f7ce8318a2b1034bfe03ba2c24a44662)] -> css selector: #priceTo]
2023-05-19 10:05:112 INFO  NewUsedCarPage :93 - Click on find my new car
2023-05-19 10:05:291 INFO  ResultPage :37 - Verify the result :[[ChromeDriver: chrome on WINDOWS (f7ce8318a2b1034bfe03ba2c24a44662)] -> xpath: //h1[@class='listing-search-title']]
2023-05-19 10:05:842 INFO  HomePage :45 - Mouse hoover on Used car and click : [[ChromeDriver: chrome on WINDOWS (8cf36c069db90aa9e254a96d5de334f5)] -> link text: Used]
2023-05-19 10:05:656 INFO  UsedCarForSalePage :29 - Verify text used car :[[ChromeDriver: chrome on WINDOWS (8cf36c069db90aa9e254a96d5de334f5)] -> tag name: h1]
2023-05-19 10:05:156 INFO  NewUsedCarPage :45 - Select make :[[ChromeDriver: chrome on WINDOWS (8cf36c069db90aa9e254a96d5de334f5)] -> css selector: #makes]
2023-05-19 10:05:254 INFO  NewUsedCarPage :58 - Select Model : [[ChromeDriver: chrome on WINDOWS (8cf36c069db90aa9e254a96d5de334f5)] -> css selector: #models]
2023-05-19 10:05:360 INFO  NewUsedCarPage :70 - Select location : [[ChromeDriver: chrome on WINDOWS (8cf36c069db90aa9e254a96d5de334f5)] -> css selector: #locations]
2023-05-19 10:05:551 INFO  NewUsedCarPage :82 - Select price : [[ChromeDriver: chrome on WINDOWS (8cf36c069db90aa9e254a96d5de334f5)] -> css selector: #priceTo]
2023-05-19 10:05:909 INFO  NewUsedCarPage :93 - Click on find my new car
2023-05-19 10:05:176 INFO  ResultPage :37 - Verify the result :[[ChromeDriver: chrome on WINDOWS (8cf36c069db90aa9e254a96d5de334f5)] -> xpath: //h1[@class='listing-search-title']]
2023-05-19 10:05:935 INFO  HomePage :45 - Mouse hoover on Used car and click : [[ChromeDriver: chrome on WINDOWS (234ec6d0fa5064870b9ca66be52a3037)] -> link text: Used]
2023-05-19 10:05:194 INFO  UsedCarForSalePage :29 - Verify text used car :[[ChromeDriver: chrome on WINDOWS (234ec6d0fa5064870b9ca66be52a3037)] -> tag name: h1]
2023-05-19 10:05:299 INFO  NewUsedCarPage :45 - Select make :[[ChromeDriver: chrome on WINDOWS (234ec6d0fa5064870b9ca66be52a3037)] -> css selector: #makes]
2023-05-19 10:05:362 INFO  NewUsedCarPage :58 - Select Model : [[ChromeDriver: chrome on WINDOWS (234ec6d0fa5064870b9ca66be52a3037)] -> css selector: #models]
2023-05-19 10:05:433 INFO  NewUsedCarPage :70 - Select location : [[ChromeDriver: chrome on WINDOWS (234ec6d0fa5064870b9ca66be52a3037)] -> css selector: #locations]
2023-05-19 10:05:507 INFO  NewUsedCarPage :82 - Select price : [[ChromeDriver: chrome on WINDOWS (234ec6d0fa5064870b9ca66be52a3037)] -> css selector: #priceTo]
2023-05-19 10:05:985 INFO  NewUsedCarPage :93 - Click on find my new car
2023-05-19 10:05:191 INFO  ResultPage :37 - Verify the result :[[ChromeDriver: chrome on WINDOWS (234ec6d0fa5064870b9ca66be52a3037)] -> xpath: //h1[@class='listing-search-title']]
2023-05-19 10:05:205 INFO  HomePage :45 - Mouse hoover on Used car and click : [[ChromeDriver: chrome on WINDOWS (e38df9f67cbecae4b6cca33bf48ba14e)] -> link text: Used]
2023-05-19 10:05:438 INFO  UsedCarForSalePage :29 - Verify text used car :[[ChromeDriver: chrome on WINDOWS (e38df9f67cbecae4b6cca33bf48ba14e)] -> tag name: h1]
2023-05-19 10:05:679 INFO  NewUsedCarPage :45 - Select make :[[ChromeDriver: chrome on WINDOWS (e38df9f67cbecae4b6cca33bf48ba14e)] -> css selector: #makes]
2023-05-19 10:05:794 INFO  NewUsedCarPage :58 - Select Model : [[ChromeDriver: chrome on WINDOWS (e38df9f67cbecae4b6cca33bf48ba14e)] -> css selector: #models]
2023-05-19 10:05:878 INFO  NewUsedCarPage :70 - Select location : [[ChromeDriver: chrome on WINDOWS (e38df9f67cbecae4b6cca33bf48ba14e)] -> css selector: #locations]
2023-05-19 10:05:962 INFO  NewUsedCarPage :82 - Select price : [[ChromeDriver: chrome on WINDOWS (e38df9f67cbecae4b6cca33bf48ba14e)] -> css selector: #priceTo]
2023-05-19 10:05:350 INFO  NewUsedCarPage :93 - Click on find my new car
2023-05-19 10:05:574 INFO  ResultPage :37 - Verify the result :[[ChromeDriver: chrome on WINDOWS (e38df9f67cbecae4b6cca33bf48ba14e)] -> xpath: //h1[@class='listing-search-title']]
2023-05-19 10:05:178 INFO  HomePage :45 - Mouse hoover on Used car and click : [[ChromeDriver: chrome on WINDOWS (cca28cb386aa4ed9e2d6b8c8413a7c81)] -> link text: Used]
2023-05-19 10:05:770 INFO  UsedCarForSalePage :29 - Verify text used car :[[ChromeDriver: chrome on WINDOWS (cca28cb386aa4ed9e2d6b8c8413a7c81)] -> tag name: h1]
2023-05-19 10:05:66 INFO  NewUsedCarPage :45 - Select make :[[ChromeDriver: chrome on WINDOWS (cca28cb386aa4ed9e2d6b8c8413a7c81)] -> css selector: #makes]
2023-05-19 10:05:171 INFO  NewUsedCarPage :58 - Select Model : [[ChromeDriver: chrome on WINDOWS (cca28cb386aa4ed9e2d6b8c8413a7c81)] -> css selector: #models]
2023-05-19 10:05:238 INFO  NewUsedCarPage :70 - Select location : [[ChromeDriver: chrome on WINDOWS (cca28cb386aa4ed9e2d6b8c8413a7c81)] -> css selector: #locations]
2023-05-19 10:05:315 INFO  NewUsedCarPage :82 - Select price : [[ChromeDriver: chrome on WINDOWS (cca28cb386aa4ed9e2d6b8c8413a7c81)] -> css selector: #priceTo]
2023-05-19 10:05:177 INFO  NewUsedCarPage :93 - Click on find my new car
2023-05-19 10:05:63 INFO  HomePage :45 - Mouse hoover on Used car and click : [[ChromeDriver: chrome on WINDOWS (2a8347d87648b421fc207007c170b2e9)] -> link text: Used]
2023-05-19 10:05:666 INFO  UsedCarForSalePage :29 - Verify text used car :[[ChromeDriver: chrome on WINDOWS (2a8347d87648b421fc207007c170b2e9)] -> tag name: h1]
2023-05-19 10:05:929 INFO  NewUsedCarPage :45 - Select make :[[ChromeDriver: chrome on WINDOWS (2a8347d87648b421fc207007c170b2e9)] -> css selector: #makes]
2023-05-19 10:05:203 INFO  NewUsedCarPage :58 - Select Model : [[ChromeDriver: chrome on WINDOWS (2a8347d87648b421fc207007c170b2e9)] -> css selector: #models]
2023-05-19 10:05:366 INFO  NewUsedCarPage :70 - Select location : [[ChromeDriver: chrome on WINDOWS (2a8347d87648b421fc207007c170b2e9)] -> css selector: #locations]
2023-05-19 10:05:528 INFO  NewUsedCarPage :82 - Select price : [[ChromeDriver: chrome on WINDOWS (2a8347d87648b421fc207007c170b2e9)] -> css selector: #priceTo]
2023-05-19 10:05:306 INFO  NewUsedCarPage :93 - Click on find my new car
2023-05-19 10:05:840 INFO  ResultPage :37 - Verify the result :[[ChromeDriver: chrome on WINDOWS (2a8347d87648b421fc207007c170b2e9)] -> xpath: //h1[@class='listing-search-title']]
2023-05-19 10:05:05 INFO  HomePage :55 - Mouse hoover on find dealer and click : [[ChromeDriver: chrome on WINDOWS (15b1e91aacd4bcc3f084b17818588a3f)] -> xpath: //a[contains(text(),'Find a Dealer')]]
2023-05-19 10:05:288 INFO  FindDealPage :32 - Verify page find deal:[[ChromeDriver: chrome on WINDOWS (15b1e91aacd4bcc3f084b17818588a3f)] -> tag name: h1]
2023-05-19 10:05:334 INFO  HomePage :35 - Mouse hoover on search car and click :[[ChromeDriver: chrome on WINDOWS (eadbbc82cf30defaae49f739a38d6140)] -> xpath: //a[normalize-space()='Search Cars']]
2023-05-19 10:05:571 INFO  NewUsedCarPage :33 - Verify Text New used Car : [[ChromeDriver: chrome on WINDOWS (eadbbc82cf30defaae49f739a38d6140)] -> tag name: h1]
2023-05-19 10:05:686 INFO  NewUsedCarPage :45 - Select make :[[ChromeDriver: chrome on WINDOWS (eadbbc82cf30defaae49f739a38d6140)] -> css selector: #makes]
2023-05-19 10:05:958 INFO  NewUsedCarPage :58 - Select Model : [[ChromeDriver: chrome on WINDOWS (eadbbc82cf30defaae49f739a38d6140)] -> css selector: #models]
2023-05-19 10:05:56 INFO  NewUsedCarPage :70 - Select location : [[ChromeDriver: chrome on WINDOWS (eadbbc82cf30defaae49f739a38d6140)] -> css selector: #locations]
2023-05-19 10:05:159 INFO  NewUsedCarPage :82 - Select price : [[ChromeDriver: chrome on WINDOWS (eadbbc82cf30defaae49f739a38d6140)] -> css selector: #priceTo]
2023-05-19 10:05:690 INFO  NewUsedCarPage :93 - Click on find my new car
2023-05-19 10:05:734 INFO  ResultPage :37 - Verify the result :[[ChromeDriver: chrome on WINDOWS (eadbbc82cf30defaae49f739a38d6140)] -> xpath: //h1[@class='listing-search-title']]
2023-05-19 10:05:463 INFO  HomePage :35 - Mouse hoover on search car and click :[[ChromeDriver: chrome on WINDOWS (d1b136cc27a19f74a06532226f2873c9)] -> xpath: //a[normalize-space()='Search Cars']]
2023-05-19 10:05:539 INFO  NewUsedCarPage :33 - Verify Text New used Car : [[ChromeDriver: chrome on WINDOWS (d1b136cc27a19f74a06532226f2873c9)] -> tag name: h1]
2023-05-19 10:05:886 INFO  NewUsedCarPage :45 - Select make :[[ChromeDriver: chrome on WINDOWS (d1b136cc27a19f74a06532226f2873c9)] -> css selector: #makes]
2023-05-19 10:05:175 INFO  NewUsedCarPage :58 - Select Model : [[ChromeDriver: chrome on WINDOWS (d1b136cc27a19f74a06532226f2873c9)] -> css selector: #models]
2023-05-19 10:05:305 INFO  NewUsedCarPage :70 - Select location : [[ChromeDriver: chrome on WINDOWS (d1b136cc27a19f74a06532226f2873c9)] -> css selector: #locations]
2023-05-19 10:05:388 INFO  NewUsedCarPage :82 - Select price : [[ChromeDriver: chrome on WINDOWS (d1b136cc27a19f74a06532226f2873c9)] -> css selector: #priceTo]
2023-05-19 10:05:733 INFO  NewUsedCarPage :93 - Click on find my new car
2023-05-19 10:05:967 INFO  ResultPage :37 - Verify the result :[[ChromeDriver: chrome on WINDOWS (d1b136cc27a19f74a06532226f2873c9)] -> xpath: //h1[@class='listing-search-title']]
2023-05-19 10:05:633 INFO  HomePage :35 - Mouse hoover on search car and click :[[ChromeDriver: chrome on WINDOWS (6febc7298ef140f929c8fdae44c04fe6)] -> xpath: //a[normalize-space()='Search Cars']]
2023-05-19 10:05:44 INFO  NewUsedCarPage :33 - Verify Text New used Car : [[ChromeDriver: chrome on WINDOWS (6febc7298ef140f929c8fdae44c04fe6)] -> tag name: h1]
2023-05-19 10:05:212 INFO  NewUsedCarPage :45 - Select make :[[ChromeDriver: chrome on WINDOWS (6febc7298ef140f929c8fdae44c04fe6)] -> css selector: #makes]
2023-05-19 10:05:328 INFO  NewUsedCarPage :58 - Select Model : [[ChromeDriver: chrome on WINDOWS (6febc7298ef140f929c8fdae44c04fe6)] -> css selector: #models]
2023-05-19 10:05:409 INFO  NewUsedCarPage :70 - Select location : [[ChromeDriver: chrome on WINDOWS (6febc7298ef140f929c8fdae44c04fe6)] -> css selector: #locations]
2023-05-19 10:05:488 INFO  NewUsedCarPage :82 - Select price : [[ChromeDriver: chrome on WINDOWS (6febc7298ef140f929c8fdae44c04fe6)] -> css selector: #priceTo]
2023-05-19 10:05:19 INFO  NewUsedCarPage :93 - Click on find my new car
2023-05-19 10:05:271 INFO  ResultPage :37 - Verify the result :[[ChromeDriver: chrome on WINDOWS (6febc7298ef140f929c8fdae44c04fe6)] -> xpath: //h1[@class='listing-search-title']]
2023-05-19 10:05:348 INFO  HomePage :35 - Mouse hoover on search car and click :[[ChromeDriver: chrome on WINDOWS (71d7c7cdf809407e9b202a142ef2710a)] -> xpath: //a[normalize-space()='Search Cars']]
2023-05-19 10:05:594 INFO  NewUsedCarPage :33 - Verify Text New used Car : [[ChromeDriver: chrome on WINDOWS (71d7c7cdf809407e9b202a142ef2710a)] -> tag name: h1]
2023-05-19 10:05:943 INFO  NewUsedCarPage :45 - Select make :[[ChromeDriver: chrome on WINDOWS (71d7c7cdf809407e9b202a142ef2710a)] -> css selector: #makes]
2023-05-19 10:05:13 INFO  NewUsedCarPage :58 - Select Model : [[ChromeDriver: chrome on WINDOWS (71d7c7cdf809407e9b202a142ef2710a)] -> css selector: #models]
2023-05-19 10:05:103 INFO  NewUsedCarPage :70 - Select location : [[ChromeDriver: chrome on WINDOWS (71d7c7cdf809407e9b202a142ef2710a)] -> css selector: #locations]
2023-05-19 10:05:186 INFO  NewUsedCarPage :82 - Select price : [[ChromeDriver: chrome on WINDOWS (71d7c7cdf809407e9b202a142ef2710a)] -> css selector: #priceTo]
2023-05-19 10:05:549 INFO  NewUsedCarPage :93 - Click on find my new car
2023-05-19 10:05:805 INFO  ResultPage :37 - Verify the result :[[ChromeDriver: chrome on WINDOWS (71d7c7cdf809407e9b202a142ef2710a)] -> xpath: //h1[@class='listing-search-title']]
2023-05-19 10:05:383 INFO  HomePage :35 - Mouse hoover on search car and click :[[ChromeDriver: chrome on WINDOWS (2fac43cc8764292409090c0306eaccc2)] -> xpath: //a[normalize-space()='Search Cars']]
2023-05-19 10:05:475 INFO  NewUsedCarPage :33 - Verify Text New used Car : [[ChromeDriver: chrome on WINDOWS (2fac43cc8764292409090c0306eaccc2)] -> tag name: h1]
2023-05-19 10:05:768 INFO  NewUsedCarPage :45 - Select make :[[ChromeDriver: chrome on WINDOWS (2fac43cc8764292409090c0306eaccc2)] -> css selector: #makes]
2023-05-19 10:05:771 INFO  NewUsedCarPage :58 - Select Model : [[ChromeDriver: chrome on WINDOWS (2fac43cc8764292409090c0306eaccc2)] -> css selector: #models]
2023-05-19 10:05:822 INFO  NewUsedCarPage :70 - Select location : [[ChromeDriver: chrome on WINDOWS (2fac43cc8764292409090c0306eaccc2)] -> css selector: #locations]
2023-05-19 10:05:897 INFO  NewUsedCarPage :82 - Select price : [[ChromeDriver: chrome on WINDOWS (2fac43cc8764292409090c0306eaccc2)] -> css selector: #priceTo]
2023-05-19 10:05:238 INFO  NewUsedCarPage :93 - Click on find my new car
2023-05-19 10:05:475 INFO  ResultPage :37 - Verify the result :[[ChromeDriver: chrome on WINDOWS (2fac43cc8764292409090c0306eaccc2)] -> xpath: //h1[@class='listing-search-title']]
2023-05-19 10:05:380 INFO  HomePage :45 - Mouse hoover on Used car and click : [[ChromeDriver: chrome on WINDOWS (4e257e89922b0a6aa6e130299675a8e3)] -> link text: Used]
2023-05-19 10:05:775 INFO  UsedCarForSalePage :29 - Verify text used car :[[ChromeDriver: chrome on WINDOWS (4e257e89922b0a6aa6e130299675a8e3)] -> tag name: h1]
2023-05-19 10:05:35 INFO  NewUsedCarPage :45 - Select make :[[ChromeDriver: chrome on WINDOWS (4e257e89922b0a6aa6e130299675a8e3)] -> css selector: #makes]
2023-05-19 10:05:125 INFO  NewUsedCarPage :58 - Select Model : [[ChromeDriver: chrome on WINDOWS (4e257e89922b0a6aa6e130299675a8e3)] -> css selector: #models]
2023-05-19 10:05:241 INFO  NewUsedCarPage :70 - Select location : [[ChromeDriver: chrome on WINDOWS (4e257e89922b0a6aa6e130299675a8e3)] -> css selector: #locations]
2023-05-19 10:05:320 INFO  NewUsedCarPage :82 - Select price : [[ChromeDriver: chrome on WINDOWS (4e257e89922b0a6aa6e130299675a8e3)] -> css selector: #priceTo]
2023-05-19 10:05:219 INFO  NewUsedCarPage :93 - Click on find my new car
2023-05-19 10:05:265 INFO  ResultPage :37 - Verify the result :[[ChromeDriver: chrome on WINDOWS (4e257e89922b0a6aa6e130299675a8e3)] -> xpath: //h1[@class='listing-search-title']]
2023-05-19 10:05:29 INFO  HomePage :45 - Mouse hoover on Used car and click : [[ChromeDriver: chrome on WINDOWS (fc8013e8924dbccfc43a1751ed912158)] -> link text: Used]
2023-05-19 10:05:289 INFO  UsedCarForSalePage :29 - Verify text used car :[[ChromeDriver: chrome on WINDOWS (fc8013e8924dbccfc43a1751ed912158)] -> tag name: h1]
2023-05-19 10:05:379 INFO  NewUsedCarPage :45 - Select make :[[ChromeDriver: chrome on WINDOWS (fc8013e8924dbccfc43a1751ed912158)] -> css selector: #makes]
2023-05-19 10:05:480 INFO  NewUsedCarPage :58 - Select Model : [[ChromeDriver: chrome on WINDOWS (fc8013e8924dbccfc43a1751ed912158)] -> css selector: #models]
2023-05-19 10:05:594 INFO  NewUsedCarPage :70 - Select location : [[ChromeDriver: chrome on WINDOWS (fc8013e8924dbccfc43a1751ed912158)] -> css selector: #locations]
2023-05-19 10:05:708 INFO  NewUsedCarPage :82 - Select price : [[ChromeDriver: chrome on WINDOWS (fc8013e8924dbccfc43a1751ed912158)] -> css selector: #priceTo]
2023-05-19 10:05:39 INFO  NewUsedCarPage :93 - Click on find my new car
2023-05-19 10:05:78 INFO  ResultPage :37 - Verify the result :[[ChromeDriver: chrome on WINDOWS (fc8013e8924dbccfc43a1751ed912158)] -> xpath: //h1[@class='listing-search-title']]
2023-05-19 10:05:229 INFO  HomePage :45 - Mouse hoover on Used car and click : [[ChromeDriver: chrome on WINDOWS (ac30306237972bcaa4e6cce08d9a5539)] -> link text: Used]
2023-05-19 10:05:602 INFO  UsedCarForSalePage :29 - Verify text used car :[[ChromeDriver: chrome on WINDOWS (ac30306237972bcaa4e6cce08d9a5539)] -> tag name: h1]
2023-05-19 10:05:776 INFO  NewUsedCarPage :45 - Select make :[[ChromeDriver: chrome on WINDOWS (ac30306237972bcaa4e6cce08d9a5539)] -> css selector: #makes]
2023-05-19 10:05:859 INFO  NewUsedCarPage :58 - Select Model : [[ChromeDriver: chrome on WINDOWS (ac30306237972bcaa4e6cce08d9a5539)] -> css selector: #models]
2023-05-19 10:05:967 INFO  NewUsedCarPage :70 - Select location : [[ChromeDriver: chrome on WINDOWS (ac30306237972bcaa4e6cce08d9a5539)] -> css selector: #locations]
2023-05-19 10:05:67 INFO  NewUsedCarPage :82 - Select price : [[ChromeDriver: chrome on WINDOWS (ac30306237972bcaa4e6cce08d9a5539)] -> css selector: #priceTo]
2023-05-19 10:05:881 INFO  NewUsedCarPage :93 - Click on find my new car
2023-05-19 10:05:97 INFO  ResultPage :37 - Verify the result :[[ChromeDriver: chrome on WINDOWS (ac30306237972bcaa4e6cce08d9a5539)] -> xpath: //h1[@class='listing-search-title']]
2023-05-19 10:05:536 INFO  HomePage :45 - Mouse hoover on Used car and click : [[ChromeDriver: chrome on WINDOWS (8a79a20a81a0552a35a477b2adfa90ec)] -> link text: Used]
2023-05-19 10:05:798 INFO  UsedCarForSalePage :29 - Verify text used car :[[ChromeDriver: chrome on WINDOWS (8a79a20a81a0552a35a477b2adfa90ec)] -> tag name: h1]
2023-05-19 10:05:882 INFO  NewUsedCarPage :45 - Select make :[[ChromeDriver: chrome on WINDOWS (8a79a20a81a0552a35a477b2adfa90ec)] -> css selector: #makes]
2023-05-19 10:05:144 INFO  HomePage :45 - Mouse hoover on Used car and click : [[ChromeDriver: chrome on WINDOWS (e98cef5c12f729dca621bf504c0a4810)] -> link text: Used]
2023-05-19 10:05:321 INFO  UsedCarForSalePage :29 - Verify text used car :[[ChromeDriver: chrome on WINDOWS (e98cef5c12f729dca621bf504c0a4810)] -> tag name: h1]
2023-05-19 10:05:625 INFO  NewUsedCarPage :45 - Select make :[[ChromeDriver: chrome on WINDOWS (e98cef5c12f729dca621bf504c0a4810)] -> css selector: #makes]
2023-05-19 10:05:687 INFO  NewUsedCarPage :58 - Select Model : [[ChromeDriver: chrome on WINDOWS (e98cef5c12f729dca621bf504c0a4810)] -> css selector: #models]
2023-05-19 10:05:748 INFO  NewUsedCarPage :70 - Select location : [[ChromeDriver: chrome on WINDOWS (e98cef5c12f729dca621bf504c0a4810)] -> css selector: #locations]
2023-05-19 10:05:829 INFO  NewUsedCarPage :82 - Select price : [[ChromeDriver: chrome on WINDOWS (e98cef5c12f729dca621bf504c0a4810)] -> css selector: #priceTo]
2023-05-19 10:05:431 INFO  NewUsedCarPage :93 - Click on find my new car
2023-05-19 10:05:618 INFO  ResultPage :37 - Verify the result :[[ChromeDriver: chrome on WINDOWS (e98cef5c12f729dca621bf504c0a4810)] -> xpath: //h1[@class='listing-search-title']]
2023-05-19 10:05:232 INFO  HomePage :45 - Mouse hoover on Used car and click : [[ChromeDriver: chrome on WINDOWS (0eb10daf2409f87fbf623e097f2786d5)] -> link text: Used]
2023-05-19 10:05:168 INFO  UsedCarForSalePage :29 - Verify text used car :[[ChromeDriver: chrome on WINDOWS (0eb10daf2409f87fbf623e097f2786d5)] -> tag name: h1]
2023-05-19 10:05:482 INFO  NewUsedCarPage :45 - Select make :[[ChromeDriver: chrome on WINDOWS (0eb10daf2409f87fbf623e097f2786d5)] -> css selector: #makes]
2023-05-19 10:05:576 INFO  NewUsedCarPage :58 - Select Model : [[ChromeDriver: chrome on WINDOWS (0eb10daf2409f87fbf623e097f2786d5)] -> css selector: #models]
2023-05-19 10:05:689 INFO  NewUsedCarPage :70 - Select location : [[ChromeDriver: chrome on WINDOWS (0eb10daf2409f87fbf623e097f2786d5)] -> css selector: #locations]
2023-05-19 10:05:779 INFO  NewUsedCarPage :82 - Select price : [[ChromeDriver: chrome on WINDOWS (0eb10daf2409f87fbf623e097f2786d5)] -> css selector: #priceTo]
2023-05-19 10:05:431 INFO  NewUsedCarPage :93 - Click on find my new car
2023-05-19 10:05:655 INFO  ResultPage :37 - Verify the result :[[ChromeDriver: chrome on WINDOWS (0eb10daf2409f87fbf623e097f2786d5)] -> xpath: //h1[@class='listing-search-title']]
2023-05-19 10:05:913 INFO  HomePage :35 - Mouse hoover on search car and click :[[ChromeDriver: chrome on WINDOWS (525b9db87f761645a125e871ee4a2e79)] -> xpath: //a[normalize-space()='Search Cars']]
2023-05-19 10:05:148 INFO  NewUsedCarPage :33 - Verify Text New used Car : [[ChromeDriver: chrome on WINDOWS (525b9db87f761645a125e871ee4a2e79)] -> tag name: h1]
2023-05-19 10:05:267 INFO  NewUsedCarPage :45 - Select make :[[ChromeDriver: chrome on WINDOWS (525b9db87f761645a125e871ee4a2e79)] -> css selector: #makes]
2023-05-19 10:05:384 INFO  NewUsedCarPage :58 - Select Model : [[ChromeDriver: chrome on WINDOWS (525b9db87f761645a125e871ee4a2e79)] -> css selector: #models]
2023-05-19 10:05:518 INFO  NewUsedCarPage :70 - Select location : [[ChromeDriver: chrome on WINDOWS (525b9db87f761645a125e871ee4a2e79)] -> css selector: #locations]
2023-05-19 10:05:621 INFO  NewUsedCarPage :82 - Select price : [[ChromeDriver: chrome on WINDOWS (525b9db87f761645a125e871ee4a2e79)] -> css selector: #priceTo]
2023-05-19 10:05:933 INFO  NewUsedCarPage :93 - Click on find my new car
2023-05-19 10:05:187 INFO  ResultPage :37 - Verify the result :[[ChromeDriver: chrome on WINDOWS (525b9db87f761645a125e871ee4a2e79)] -> xpath: //h1[@class='listing-search-title']]
2023-05-19 10:05:71 INFO  HomePage :35 - Mouse hoover on search car and click :[[ChromeDriver: chrome on WINDOWS (a60b9aab2da424eff08171d800518acf)] -> xpath: //a[normalize-space()='Search Cars']]
2023-05-19 10:05:313 INFO  NewUsedCarPage :33 - Verify Text New used Car : [[ChromeDriver: chrome on WINDOWS (a60b9aab2da424eff08171d800518acf)] -> tag name: h1]
2023-05-19 10:05:405 INFO  NewUsedCarPage :45 - Select make :[[ChromeDriver: chrome on WINDOWS (a60b9aab2da424eff08171d800518acf)] -> css selector: #makes]
2023-05-19 10:05:500 INFO  NewUsedCarPage :58 - Select Model : [[ChromeDriver: chrome on WINDOWS (a60b9aab2da424eff08171d800518acf)] -> css selector: #models]
2023-05-19 10:05:653 INFO  NewUsedCarPage :70 - Select location : [[ChromeDriver: chrome on WINDOWS (a60b9aab2da424eff08171d800518acf)] -> css selector: #locations]
2023-05-19 10:05:746 INFO  NewUsedCarPage :82 - Select price : [[ChromeDriver: chrome on WINDOWS (a60b9aab2da424eff08171d800518acf)] -> css selector: #priceTo]
2023-05-19 10:05:811 INFO  NewUsedCarPage :93 - Click on find my new car
2023-05-19 10:05:44 INFO  ResultPage :37 - Verify the result :[[ChromeDriver: chrome on WINDOWS (a60b9aab2da424eff08171d800518acf)] -> xpath: //h1[@class='listing-search-title']]
2023-05-19 10:05:797 INFO  HomePage :35 - Mouse hoover on search car and click :[[ChromeDriver: chrome on WINDOWS (4f3b7c5db0b4f51ac5912109d39ce946)] -> xpath: //a[normalize-space()='Search Cars']]
2023-05-19 10:05:15 INFO  NewUsedCarPage :33 - Verify Text New used Car : [[ChromeDriver: chrome on WINDOWS (4f3b7c5db0b4f51ac5912109d39ce946)] -> tag name: h1]
2023-05-19 10:05:98 INFO  NewUsedCarPage :45 - Select make :[[ChromeDriver: chrome on WINDOWS (4f3b7c5db0b4f51ac5912109d39ce946)] -> css selector: #makes]
2023-05-19 10:05:107 INFO  HomePage :35 - Mouse hoover on search car and click :[[ChromeDriver: chrome on WINDOWS (102c79fc721f9c1696a307b386058d14)] -> xpath: //a[normalize-space()='Search Cars']]
2023-05-19 10:05:976 INFO  NewUsedCarPage :33 - Verify Text New used Car : [[ChromeDriver: chrome on WINDOWS (102c79fc721f9c1696a307b386058d14)] -> tag name: h1]
2023-05-19 10:05:346 INFO  NewUsedCarPage :45 - Select make :[[ChromeDriver: chrome on WINDOWS (102c79fc721f9c1696a307b386058d14)] -> css selector: #makes]
2023-05-19 10:05:439 INFO  HomePage :35 - Mouse hoover on search car and click :[[ChromeDriver: chrome on WINDOWS (0f9c57944bab3a679c7d9591de760696)] -> xpath: //a[normalize-space()='Search Cars']]
2023-05-19 10:05:252 INFO  NewUsedCarPage :33 - Verify Text New used Car : [[ChromeDriver: chrome on WINDOWS (0f9c57944bab3a679c7d9591de760696)] -> tag name: h1]
2023-05-19 10:05:606 INFO  NewUsedCarPage :45 - Select make :[[ChromeDriver: chrome on WINDOWS (0f9c57944bab3a679c7d9591de760696)] -> css selector: #makes]
2023-05-19 10:05:681 INFO  NewUsedCarPage :58 - Select Model : [[ChromeDriver: chrome on WINDOWS (0f9c57944bab3a679c7d9591de760696)] -> css selector: #models]
2023-05-19 10:05:753 INFO  NewUsedCarPage :70 - Select location : [[ChromeDriver: chrome on WINDOWS (0f9c57944bab3a679c7d9591de760696)] -> css selector: #locations]
2023-05-19 10:05:840 INFO  NewUsedCarPage :82 - Select price : [[ChromeDriver: chrome on WINDOWS (0f9c57944bab3a679c7d9591de760696)] -> css selector: #priceTo]
2023-05-19 10:05:430 INFO  NewUsedCarPage :93 - Click on find my new car
2023-05-19 10:05:684 INFO  ResultPage :37 - Verify the result :[[ChromeDriver: chrome on WINDOWS (0f9c57944bab3a679c7d9591de760696)] -> xpath: //h1[@class='listing-search-title']]
2023-05-19 10:05:810 INFO  HomePage :35 - Mouse hoover on search car and click :[[ChromeDriver: chrome on WINDOWS (0c907c3c49e655b8c0bb1fcd59712af5)] -> xpath: //a[normalize-space()='Search Cars']]
2023-05-19 10:05:31 INFO  NewUsedCarPage :33 - Verify Text New used Car : [[ChromeDriver: chrome on WINDOWS (0c907c3c49e655b8c0bb1fcd59712af5)] -> tag name: h1]
2023-05-19 10:05:123 INFO  NewUsedCarPage :45 - Select make :[[ChromeDriver: chrome on WINDOWS (0c907c3c49e655b8c0bb1fcd59712af5)] -> css selector: #makes]
2023-05-19 10:05:304 INFO  NewUsedCarPage :58 - Select Model : [[ChromeDriver: chrome on WINDOWS (0c907c3c49e655b8c0bb1fcd59712af5)] -> css selector: #models]
2023-05-19 10:05:359 INFO  NewUsedCarPage :70 - Select location : [[ChromeDriver: chrome on WINDOWS (0c907c3c49e655b8c0bb1fcd59712af5)] -> css selector: #locations]
2023-05-19 10:05:432 INFO  NewUsedCarPage :82 - Select price : [[ChromeDriver: chrome on WINDOWS (0c907c3c49e655b8c0bb1fcd59712af5)] -> css selector: #priceTo]
2023-05-19 10:05:181 INFO  NewUsedCarPage :93 - Click on find my new car
2023-05-19 10:05:219 INFO  ResultPage :37 - Verify the result :[[ChromeDriver: chrome on WINDOWS (0c907c3c49e655b8c0bb1fcd59712af5)] -> xpath: //h1[@class='listing-search-title']]
2023-05-19 10:05:232 INFO  HomePage :45 - Mouse hoover on Used car and click : [[ChromeDriver: chrome on WINDOWS (b57c98937d08d2509059019189b7df29)] -> link text: Used]
2023-05-19 10:05:644 INFO  UsedCarForSalePage :29 - Verify text used car :[[ChromeDriver: chrome on WINDOWS (b57c98937d08d2509059019189b7df29)] -> tag name: h1]
2023-05-19 10:05:931 INFO  NewUsedCarPage :45 - Select make :[[ChromeDriver: chrome on WINDOWS (b57c98937d08d2509059019189b7df29)] -> css selector: #makes]
2023-05-19 10:05:167 INFO  NewUsedCarPage :58 - Select Model : [[ChromeDriver: chrome on WINDOWS (b57c98937d08d2509059019189b7df29)] -> css selector: #models]
2023-05-19 10:05:248 INFO  NewUsedCarPage :70 - Select location : [[ChromeDriver: chrome on WINDOWS (b57c98937d08d2509059019189b7df29)] -> css selector: #locations]
2023-05-19 10:05:343 INFO  NewUsedCarPage :82 - Select price : [[ChromeDriver: chrome on WINDOWS (b57c98937d08d2509059019189b7df29)] -> css selector: #priceTo]
2023-05-19 10:05:284 INFO  NewUsedCarPage :93 - Click on find my new car
2023-05-19 10:05:548 INFO  ResultPage :37 - Verify the result :[[ChromeDriver: chrome on WINDOWS (b57c98937d08d2509059019189b7df29)] -> xpath: //h1[@class='listing-search-title']]
2023-05-19 10:05:974 INFO  HomePage :45 - Mouse hoover on Used car and click : [[ChromeDriver: chrome on WINDOWS (59cb374899304376f3171968c50ea38d)] -> link text: Used]
2023-05-19 10:05:84 INFO  UsedCarForSalePage :29 - Verify text used car :[[ChromeDriver: chrome on WINDOWS (59cb374899304376f3171968c50ea38d)] -> tag name: h1]
2023-05-19 10:05:491 INFO  NewUsedCarPage :45 - Select make :[[ChromeDriver: chrome on WINDOWS (59cb374899304376f3171968c50ea38d)] -> css selector: #makes]
2023-05-19 10:05:601 INFO  NewUsedCarPage :58 - Select Model : [[ChromeDriver: chrome on WINDOWS (59cb374899304376f3171968c50ea38d)] -> css selector: #models]
2023-05-19 10:05:749 INFO  NewUsedCarPage :70 - Select location : [[ChromeDriver: chrome on WINDOWS (59cb374899304376f3171968c50ea38d)] -> css selector: #locations]
2023-05-19 10:05:835 INFO  NewUsedCarPage :82 - Select price : [[ChromeDriver: chrome on WINDOWS (59cb374899304376f3171968c50ea38d)] -> css selector: #priceTo]
2023-05-19 10:05:981 INFO  NewUsedCarPage :93 - Click on find my new car
2023-05-19 10:05:37 INFO  ResultPage :37 - Verify the result :[[ChromeDriver: chrome on WINDOWS (59cb374899304376f3171968c50ea38d)] -> xpath: //h1[@class='listing-search-title']]
2023-05-19 10:05:156 INFO  HomePage :45 - Mouse hoover on Used car and click : [[ChromeDriver: chrome on WINDOWS (58a1d8ae1ed994d5867d984f7294653e)] -> link text: Used]
2023-05-19 10:05:414 INFO  UsedCarForSalePage :29 - Verify text used car :[[ChromeDriver: chrome on WINDOWS (58a1d8ae1ed994d5867d984f7294653e)] -> tag name: h1]
2023-05-19 10:05:514 INFO  NewUsedCarPage :45 - Select make :[[ChromeDriver: chrome on WINDOWS (58a1d8ae1ed994d5867d984f7294653e)] -> css selector: #makes]
2023-05-19 10:05:587 INFO  NewUsedCarPage :58 - Select Model : [[ChromeDriver: chrome on WINDOWS (58a1d8ae1ed994d5867d984f7294653e)] -> css selector: #models]
2023-05-19 10:05:727 INFO  NewUsedCarPage :70 - Select location : [[ChromeDriver: chrome on WINDOWS (58a1d8ae1ed994d5867d984f7294653e)] -> css selector: #locations]
2023-05-19 10:05:819 INFO  NewUsedCarPage :82 - Select price : [[ChromeDriver: chrome on WINDOWS (58a1d8ae1ed994d5867d984f7294653e)] -> css selector: #priceTo]
2023-05-19 10:05:395 INFO  NewUsedCarPage :93 - Click on find my new car
2023-05-19 10:05:631 INFO  ResultPage :37 - Verify the result :[[ChromeDriver: chrome on WINDOWS (58a1d8ae1ed994d5867d984f7294653e)] -> xpath: //h1[@class='listing-search-title']]
2023-05-19 10:05:662 INFO  HomePage :45 - Mouse hoover on Used car and click : [[ChromeDriver: chrome on WINDOWS (f2e1fc8873a1b35ea2a35207ff3932ec)] -> link text: Used]
2023-05-19 10:05:850 INFO  UsedCarForSalePage :29 - Verify text used car :[[ChromeDriver: chrome on WINDOWS (f2e1fc8873a1b35ea2a35207ff3932ec)] -> tag name: h1]
2023-05-19 10:05:180 INFO  NewUsedCarPage :45 - Select make :[[ChromeDriver: chrome on WINDOWS (f2e1fc8873a1b35ea2a35207ff3932ec)] -> css selector: #makes]
2023-05-19 10:05:241 INFO  NewUsedCarPage :58 - Select Model : [[ChromeDriver: chrome on WINDOWS (f2e1fc8873a1b35ea2a35207ff3932ec)] -> css selector: #models]
2023-05-19 10:05:324 INFO  NewUsedCarPage :70 - Select location : [[ChromeDriver: chrome on WINDOWS (f2e1fc8873a1b35ea2a35207ff3932ec)] -> css selector: #locations]
2023-05-19 10:05:405 INFO  NewUsedCarPage :82 - Select price : [[ChromeDriver: chrome on WINDOWS (f2e1fc8873a1b35ea2a35207ff3932ec)] -> css selector: #priceTo]
2023-05-19 10:05:118 INFO  NewUsedCarPage :93 - Click on find my new car
2023-05-19 10:05:314 INFO  ResultPage :37 - Verify the result :[[ChromeDriver: chrome on WINDOWS (f2e1fc8873a1b35ea2a35207ff3932ec)] -> xpath: //h1[@class='listing-search-title']]
2023-05-19 10:05:991 INFO  HomePage :45 - Mouse hoover on Used car and click : [[ChromeDriver: chrome on WINDOWS (1be60769e0c6cb364f86f709a5ae8625)] -> link text: Used]
2023-05-19 10:05:260 INFO  UsedCarForSalePage :29 - Verify text used car :[[ChromeDriver: chrome on WINDOWS (1be60769e0c6cb364f86f709a5ae8625)] -> tag name: h1]
2023-05-19 10:05:358 INFO  NewUsedCarPage :45 - Select make :[[ChromeDriver: chrome on WINDOWS (1be60769e0c6cb364f86f709a5ae8625)] -> css selector: #makes]
2023-05-19 10:05:441 INFO  NewUsedCarPage :58 - Select Model : [[ChromeDriver: chrome on WINDOWS (1be60769e0c6cb364f86f709a5ae8625)] -> css selector: #models]
2023-05-19 10:05:554 INFO  NewUsedCarPage :70 - Select location : [[ChromeDriver: chrome on WINDOWS (1be60769e0c6cb364f86f709a5ae8625)] -> css selector: #locations]
2023-05-19 10:05:638 INFO  NewUsedCarPage :82 - Select price : [[ChromeDriver: chrome on WINDOWS (1be60769e0c6cb364f86f709a5ae8625)] -> css selector: #priceTo]
2023-05-19 10:05:25 INFO  NewUsedCarPage :93 - Click on find my new car
2023-05-19 10:05:131 INFO  ResultPage :37 - Verify the result :[[ChromeDriver: chrome on WINDOWS (1be60769e0c6cb364f86f709a5ae8625)] -> xpath: //h1[@class='listing-search-title']]
2023-05-19 10:05:812 INFO  HomePage :45 - Mouse hoover on Used car and click : [[ChromeDriver: chrome on WINDOWS (ea132f4cad374da1eed4202cfa86a4b9)] -> link text: Used]
2023-05-19 10:05:132 INFO  UsedCarForSalePage :29 - Verify text used car :[[ChromeDriver: chrome on WINDOWS (ea132f4cad374da1eed4202cfa86a4b9)] -> tag name: h1]
2023-05-19 10:05:397 INFO  NewUsedCarPage :45 - Select make :[[ChromeDriver: chrome on WINDOWS (ea132f4cad374da1eed4202cfa86a4b9)] -> css selector: #makes]
2023-05-19 10:05:475 INFO  NewUsedCarPage :58 - Select Model : [[ChromeDriver: chrome on WINDOWS (ea132f4cad374da1eed4202cfa86a4b9)] -> css selector: #models]
2023-05-19 10:05:541 INFO  NewUsedCarPage :70 - Select location : [[ChromeDriver: chrome on WINDOWS (ea132f4cad374da1eed4202cfa86a4b9)] -> css selector: #locations]
2023-05-19 10:05:668 INFO  NewUsedCarPage :82 - Select price : [[ChromeDriver: chrome on WINDOWS (ea132f4cad374da1eed4202cfa86a4b9)] -> css selector: #priceTo]
2023-05-19 10:05:568 INFO  NewUsedCarPage :93 - Click on find my new car
2023-05-19 10:05:640 INFO  ResultPage :37 - Verify the result :[[ChromeDriver: chrome on WINDOWS (ea132f4cad374da1eed4202cfa86a4b9)] -> xpath: //h1[@class='listing-search-title']]
2023-05-19 10:05:394 INFO  HomePage :55 - Mouse hoover on find dealer and click : [[ChromeDriver: chrome on WINDOWS (951802594c9698609ebab37361432e9a)] -> xpath: //a[contains(text(),'Find a Dealer')]]
2023-05-19 10:05:432 INFO  FindDealPage :32 - Verify page find deal:[[ChromeDriver: chrome on WINDOWS (951802594c9698609ebab37361432e9a)] -> tag name: h1]
2023-05-19 11:05:279 INFO  HomePage :35 - Mouse hoover on search car and click :[[ChromeDriver: chrome on WINDOWS (1c6c52edd81f48409118bdaa80183cc7)] -> xpath: //a[normalize-space()='Search Cars']]
2023-05-19 11:05:726 INFO  NewUsedCarPage :33 - Verify Text New used Car : [[ChromeDriver: chrome on WINDOWS (1c6c52edd81f48409118bdaa80183cc7)] -> tag name: h1]
2023-05-19 11:05:943 INFO  NewUsedCarPage :45 - Select make :[[ChromeDriver: chrome on WINDOWS (1c6c52edd81f48409118bdaa80183cc7)] -> css selector: #makes]
2023-05-19 11:05:684 INFO  NewUsedCarPage :58 - Select Model : [[ChromeDriver: chrome on WINDOWS (1c6c52edd81f48409118bdaa80183cc7)] -> css selector: #models]
2023-05-19 11:05:872 INFO  NewUsedCarPage :70 - Select location : [[ChromeDriver: chrome on WINDOWS (1c6c52edd81f48409118bdaa80183cc7)] -> css selector: #locations]
2023-05-19 11:05:66 INFO  NewUsedCarPage :82 - Select price : [[ChromeDriver: chrome on WINDOWS (1c6c52edd81f48409118bdaa80183cc7)] -> css selector: #priceTo]
2023-05-19 11:05:162 INFO  NewUsedCarPage :93 - Click on find my new car
2023-05-19 11:05:520 INFO  ResultPage :37 - Verify the result :[[ChromeDriver: chrome on WINDOWS (1c6c52edd81f48409118bdaa80183cc7)] -> xpath: //h1[@class='listing-search-title']]
2023-05-19 11:05:273 INFO  HomePage :35 - Mouse hoover on search car and click :[[ChromeDriver: chrome on WINDOWS (6fc956803ecc1522a3de12afe3041010)] -> xpath: //a[normalize-space()='Search Cars']]
2023-05-19 11:05:952 INFO  NewUsedCarPage :33 - Verify Text New used Car : [[ChromeDriver: chrome on WINDOWS (6fc956803ecc1522a3de12afe3041010)] -> tag name: h1]
2023-05-19 11:05:407 INFO  NewUsedCarPage :45 - Select make :[[ChromeDriver: chrome on WINDOWS (6fc956803ecc1522a3de12afe3041010)] -> css selector: #makes]
2023-05-19 11:05:793 INFO  NewUsedCarPage :58 - Select Model : [[ChromeDriver: chrome on WINDOWS (6fc956803ecc1522a3de12afe3041010)] -> css selector: #models]
2023-05-19 11:05:907 INFO  NewUsedCarPage :70 - Select location : [[ChromeDriver: chrome on WINDOWS (6fc956803ecc1522a3de12afe3041010)] -> css selector: #locations]
2023-05-19 11:05:26 INFO  NewUsedCarPage :82 - Select price : [[ChromeDriver: chrome on WINDOWS (6fc956803ecc1522a3de12afe3041010)] -> css selector: #priceTo]
2023-05-19 11:05:114 INFO  NewUsedCarPage :93 - Click on find my new car
2023-05-19 11:05:185 INFO  ResultPage :37 - Verify the result :[[ChromeDriver: chrome on WINDOWS (6fc956803ecc1522a3de12afe3041010)] -> xpath: //h1[@class='listing-search-title']]
2023-05-19 11:05:715 INFO  HomePage :35 - Mouse hoover on search car and click :[[ChromeDriver: chrome on WINDOWS (097253757ad57bf6359962a76ab82b4c)] -> xpath: //a[normalize-space()='Search Cars']]
2023-05-19 11:05:09 INFO  NewUsedCarPage :33 - Verify Text New used Car : [[ChromeDriver: chrome on WINDOWS (097253757ad57bf6359962a76ab82b4c)] -> tag name: h1]
2023-05-19 11:05:134 INFO  NewUsedCarPage :45 - Select make :[[ChromeDriver: chrome on WINDOWS (097253757ad57bf6359962a76ab82b4c)] -> css selector: #makes]
2023-05-19 11:05:232 INFO  NewUsedCarPage :58 - Select Model : [[ChromeDriver: chrome on WINDOWS (097253757ad57bf6359962a76ab82b4c)] -> css selector: #models]
2023-05-19 11:05:346 INFO  NewUsedCarPage :70 - Select location : [[ChromeDriver: chrome on WINDOWS (097253757ad57bf6359962a76ab82b4c)] -> css selector: #locations]
2023-05-19 11:05:505 INFO  NewUsedCarPage :82 - Select price : [[ChromeDriver: chrome on WINDOWS (097253757ad57bf6359962a76ab82b4c)] -> css selector: #priceTo]
2023-05-19 11:05:958 INFO  NewUsedCarPage :93 - Click on find my new car
2023-05-19 11:05:287 INFO  ResultPage :37 - Verify the result :[[ChromeDriver: chrome on WINDOWS (097253757ad57bf6359962a76ab82b4c)] -> xpath: //h1[@class='listing-search-title']]
2023-05-19 11:05:831 INFO  HomePage :35 - Mouse hoover on search car and click :[[ChromeDriver: chrome on WINDOWS (c824e1db5d6ea582c3331c85bce8b0cb)] -> xpath: //a[normalize-space()='Search Cars']]
2023-05-19 11:05:32 INFO  NewUsedCarPage :33 - Verify Text New used Car : [[ChromeDriver: chrome on WINDOWS (c824e1db5d6ea582c3331c85bce8b0cb)] -> tag name: h1]
2023-05-19 11:05:214 INFO  NewUsedCarPage :45 - Select make :[[ChromeDriver: chrome on WINDOWS (c824e1db5d6ea582c3331c85bce8b0cb)] -> css selector: #makes]
2023-05-19 11:05:300 INFO  NewUsedCarPage :58 - Select Model : [[ChromeDriver: chrome on WINDOWS (c824e1db5d6ea582c3331c85bce8b0cb)] -> css selector: #models]
2023-05-19 11:05:418 INFO  NewUsedCarPage :70 - Select location : [[ChromeDriver: chrome on WINDOWS (c824e1db5d6ea582c3331c85bce8b0cb)] -> css selector: #locations]
2023-05-19 11:05:549 INFO  NewUsedCarPage :82 - Select price : [[ChromeDriver: chrome on WINDOWS (c824e1db5d6ea582c3331c85bce8b0cb)] -> css selector: #priceTo]
2023-05-19 11:05:725 INFO  NewUsedCarPage :93 - Click on find my new car
2023-05-19 11:05:19 INFO  ResultPage :37 - Verify the result :[[ChromeDriver: chrome on WINDOWS (c824e1db5d6ea582c3331c85bce8b0cb)] -> xpath: //h1[@class='listing-search-title']]
2023-05-19 11:05:480 INFO  HomePage :35 - Mouse hoover on search car and click :[[ChromeDriver: chrome on WINDOWS (fb5e77998dbf03ce62c76187a098dfa1)] -> xpath: //a[normalize-space()='Search Cars']]
2023-05-19 11:05:706 INFO  NewUsedCarPage :33 - Verify Text New used Car : [[ChromeDriver: chrome on WINDOWS (fb5e77998dbf03ce62c76187a098dfa1)] -> tag name: h1]
2023-05-19 11:05:845 INFO  NewUsedCarPage :45 - Select make :[[ChromeDriver: chrome on WINDOWS (fb5e77998dbf03ce62c76187a098dfa1)] -> css selector: #makes]
2023-05-19 11:05:974 INFO  NewUsedCarPage :58 - Select Model : [[ChromeDriver: chrome on WINDOWS (fb5e77998dbf03ce62c76187a098dfa1)] -> css selector: #models]
2023-05-19 11:05:53 INFO  NewUsedCarPage :70 - Select location : [[ChromeDriver: chrome on WINDOWS (fb5e77998dbf03ce62c76187a098dfa1)] -> css selector: #locations]
2023-05-19 11:05:154 INFO  NewUsedCarPage :82 - Select price : [[ChromeDriver: chrome on WINDOWS (fb5e77998dbf03ce62c76187a098dfa1)] -> css selector: #priceTo]
2023-05-19 11:05:189 INFO  NewUsedCarPage :93 - Click on find my new car
2023-05-19 11:05:912 INFO  HomePage :35 - Mouse hoover on search car and click :[[ChromeDriver: chrome on WINDOWS (bdd979aeef6527d4c7a3ffb951211c3f)] -> xpath: //a[normalize-space()='Search Cars']]
2023-05-19 11:05:312 INFO  NewUsedCarPage :33 - Verify Text New used Car : [[ChromeDriver: chrome on WINDOWS (bdd979aeef6527d4c7a3ffb951211c3f)] -> tag name: h1]
2023-05-19 11:05:468 INFO  NewUsedCarPage :45 - Select make :[[ChromeDriver: chrome on WINDOWS (bdd979aeef6527d4c7a3ffb951211c3f)] -> css selector: #makes]
2023-05-19 11:05:773 INFO  NewUsedCarPage :58 - Select Model : [[ChromeDriver: chrome on WINDOWS (bdd979aeef6527d4c7a3ffb951211c3f)] -> css selector: #models]
2023-05-19 11:05:869 INFO  NewUsedCarPage :70 - Select location : [[ChromeDriver: chrome on WINDOWS (bdd979aeef6527d4c7a3ffb951211c3f)] -> css selector: #locations]
2023-05-19 11:05:980 INFO  NewUsedCarPage :82 - Select price : [[ChromeDriver: chrome on WINDOWS (bdd979aeef6527d4c7a3ffb951211c3f)] -> css selector: #priceTo]
2023-05-19 11:05:25 INFO  NewUsedCarPage :93 - Click on find my new car
2023-05-19 11:05:72 INFO  ResultPage :37 - Verify the result :[[ChromeDriver: chrome on WINDOWS (bdd979aeef6527d4c7a3ffb951211c3f)] -> xpath: //h1[@class='listing-search-title']]
2023-05-19 11:05:902 INFO  HomePage :45 - Mouse hoover on Used car and click : [[ChromeDriver: chrome on WINDOWS (579242d2862b8f679c32118b7037f4c9)] -> link text: Used]
2023-05-19 11:05:863 INFO  UsedCarForSalePage :29 - Verify text used car :[[ChromeDriver: chrome on WINDOWS (579242d2862b8f679c32118b7037f4c9)] -> tag name: h1]
2023-05-19 11:05:947 INFO  NewUsedCarPage :45 - Select make :[[ChromeDriver: chrome on WINDOWS (579242d2862b8f679c32118b7037f4c9)] -> css selector: #makes]
2023-05-19 11:05:54 INFO  NewUsedCarPage :58 - Select Model : [[ChromeDriver: chrome on WINDOWS (579242d2862b8f679c32118b7037f4c9)] -> css selector: #models]
2023-05-19 11:05:140 INFO  NewUsedCarPage :70 - Select location : [[ChromeDriver: chrome on WINDOWS (579242d2862b8f679c32118b7037f4c9)] -> css selector: #locations]
2023-05-19 11:05:251 INFO  NewUsedCarPage :82 - Select price : [[ChromeDriver: chrome on WINDOWS (579242d2862b8f679c32118b7037f4c9)] -> css selector: #priceTo]
2023-05-19 11:05:491 INFO  NewUsedCarPage :93 - Click on find my new car
2023-05-19 11:05:617 INFO  ResultPage :37 - Verify the result :[[ChromeDriver: chrome on WINDOWS (579242d2862b8f679c32118b7037f4c9)] -> xpath: //h1[@class='listing-search-title']]
2023-05-19 11:05:511 INFO  HomePage :45 - Mouse hoover on Used car and click : [[ChromeDriver: chrome on WINDOWS (cc834d34c12d4c18ae7c62c3e070b18e)] -> link text: Used]
2023-05-19 11:05:984 INFO  UsedCarForSalePage :29 - Verify text used car :[[ChromeDriver: chrome on WINDOWS (cc834d34c12d4c18ae7c62c3e070b18e)] -> tag name: h1]
2023-05-19 11:05:293 INFO  NewUsedCarPage :45 - Select make :[[ChromeDriver: chrome on WINDOWS (cc834d34c12d4c18ae7c62c3e070b18e)] -> css selector: #makes]
2023-05-19 11:05:379 INFO  NewUsedCarPage :58 - Select Model : [[ChromeDriver: chrome on WINDOWS (cc834d34c12d4c18ae7c62c3e070b18e)] -> css selector: #models]
2023-05-19 11:05:510 INFO  NewUsedCarPage :70 - Select location : [[ChromeDriver: chrome on WINDOWS (cc834d34c12d4c18ae7c62c3e070b18e)] -> css selector: #locations]
2023-05-19 11:05:592 INFO  NewUsedCarPage :82 - Select price : [[ChromeDriver: chrome on WINDOWS (cc834d34c12d4c18ae7c62c3e070b18e)] -> css selector: #priceTo]
2023-05-19 11:05:518 INFO  NewUsedCarPage :93 - Click on find my new car
2023-05-19 11:05:744 INFO  ResultPage :37 - Verify the result :[[ChromeDriver: chrome on WINDOWS (cc834d34c12d4c18ae7c62c3e070b18e)] -> xpath: //h1[@class='listing-search-title']]
2023-05-19 11:05:18 INFO  HomePage :45 - Mouse hoover on Used car and click : [[ChromeDriver: chrome on WINDOWS (851a1e12910348ace8b3b705ca323116)] -> link text: Used]
2023-05-19 11:05:117 INFO  UsedCarForSalePage :29 - Verify text used car :[[ChromeDriver: chrome on WINDOWS (851a1e12910348ace8b3b705ca323116)] -> tag name: h1]
2023-05-19 11:05:369 INFO  NewUsedCarPage :45 - Select make :[[ChromeDriver: chrome on WINDOWS (851a1e12910348ace8b3b705ca323116)] -> css selector: #makes]
2023-05-19 11:05:438 INFO  NewUsedCarPage :58 - Select Model : [[ChromeDriver: chrome on WINDOWS (851a1e12910348ace8b3b705ca323116)] -> css selector: #models]
2023-05-19 11:05:533 INFO  NewUsedCarPage :70 - Select location : [[ChromeDriver: chrome on WINDOWS (851a1e12910348ace8b3b705ca323116)] -> css selector: #locations]
2023-05-19 11:05:609 INFO  NewUsedCarPage :82 - Select price : [[ChromeDriver: chrome on WINDOWS (851a1e12910348ace8b3b705ca323116)] -> css selector: #priceTo]
2023-05-19 11:05:814 INFO  NewUsedCarPage :93 - Click on find my new car
2023-05-19 11:05:41 INFO  ResultPage :37 - Verify the result :[[ChromeDriver: chrome on WINDOWS (851a1e12910348ace8b3b705ca323116)] -> xpath: //h1[@class='listing-search-title']]
2023-05-19 11:05:573 INFO  HomePage :45 - Mouse hoover on Used car and click : [[ChromeDriver: chrome on WINDOWS (0c9bd4459664bdce88dbcbafc2c08a6a)] -> link text: Used]
2023-05-19 11:05:688 INFO  UsedCarForSalePage :29 - Verify text used car :[[ChromeDriver: chrome on WINDOWS (0c9bd4459664bdce88dbcbafc2c08a6a)] -> tag name: h1]
2023-05-19 11:05:16 INFO  NewUsedCarPage :45 - Select make :[[ChromeDriver: chrome on WINDOWS (0c9bd4459664bdce88dbcbafc2c08a6a)] -> css selector: #makes]
2023-05-19 11:05:81 INFO  NewUsedCarPage :58 - Select Model : [[ChromeDriver: chrome on WINDOWS (0c9bd4459664bdce88dbcbafc2c08a6a)] -> css selector: #models]
2023-05-19 11:05:157 INFO  NewUsedCarPage :70 - Select location : [[ChromeDriver: chrome on WINDOWS (0c9bd4459664bdce88dbcbafc2c08a6a)] -> css selector: #locations]
2023-05-19 11:05:252 INFO  NewUsedCarPage :82 - Select price : [[ChromeDriver: chrome on WINDOWS (0c9bd4459664bdce88dbcbafc2c08a6a)] -> css selector: #priceTo]
2023-05-19 11:05:824 INFO  NewUsedCarPage :93 - Click on find my new car
2023-05-19 11:05:344 INFO  HomePage :45 - Mouse hoover on Used car and click : [[ChromeDriver: chrome on WINDOWS (58a4b80787516783f8e847d6c7ab342d)] -> link text: Used]
2023-05-19 11:05:487 INFO  UsedCarForSalePage :29 - Verify text used car :[[ChromeDriver: chrome on WINDOWS (58a4b80787516783f8e847d6c7ab342d)] -> tag name: h1]
2023-05-19 11:05:617 INFO  NewUsedCarPage :45 - Select make :[[ChromeDriver: chrome on WINDOWS (58a4b80787516783f8e847d6c7ab342d)] -> css selector: #makes]
2023-05-19 11:05:712 INFO  NewUsedCarPage :58 - Select Model : [[ChromeDriver: chrome on WINDOWS (58a4b80787516783f8e847d6c7ab342d)] -> css selector: #models]
2023-05-19 11:05:779 INFO  NewUsedCarPage :70 - Select location : [[ChromeDriver: chrome on WINDOWS (58a4b80787516783f8e847d6c7ab342d)] -> css selector: #locations]
2023-05-19 11:05:889 INFO  NewUsedCarPage :82 - Select price : [[ChromeDriver: chrome on WINDOWS (58a4b80787516783f8e847d6c7ab342d)] -> css selector: #priceTo]
2023-05-19 11:05:767 INFO  NewUsedCarPage :93 - Click on find my new car
2023-05-19 11:05:975 INFO  ResultPage :37 - Verify the result :[[ChromeDriver: chrome on WINDOWS (58a4b80787516783f8e847d6c7ab342d)] -> xpath: //h1[@class='listing-search-title']]
2023-05-19 11:05:425 INFO  HomePage :55 - Mouse hoover on find dealer and click : [[ChromeDriver: chrome on WINDOWS (0da1ba91f71b9a4b53382d22d46f96f0)] -> xpath: //a[contains(text(),'Find a Dealer')]]
2023-05-19 11:05:914 INFO  FindDealPage :32 - Verify page find deal:[[ChromeDriver: chrome on WINDOWS (0da1ba91f71b9a4b53382d22d46f96f0)] -> tag name: h1]
2023-05-19 11:05:523 INFO  HomePage :35 - Mouse hoover on search car and click :[[ChromeDriver: chrome on WINDOWS (34f9840c88d332142057077adf606de5)] -> xpath: //a[normalize-space()='Search Cars']]
2023-05-19 11:05:527 INFO  NewUsedCarPage :33 - Verify Text New used Car : [[ChromeDriver: chrome on WINDOWS (34f9840c88d332142057077adf606de5)] -> tag name: h1]
2023-05-19 11:05:983 INFO  NewUsedCarPage :45 - Select make :[[ChromeDriver: chrome on WINDOWS (34f9840c88d332142057077adf606de5)] -> css selector: #makes]
2023-05-19 11:05:130 INFO  NewUsedCarPage :58 - Select Model : [[ChromeDriver: chrome on WINDOWS (34f9840c88d332142057077adf606de5)] -> css selector: #models]
2023-05-19 11:05:289 INFO  NewUsedCarPage :70 - Select location : [[ChromeDriver: chrome on WINDOWS (34f9840c88d332142057077adf606de5)] -> css selector: #locations]
2023-05-19 11:05:423 INFO  NewUsedCarPage :82 - Select price : [[ChromeDriver: chrome on WINDOWS (34f9840c88d332142057077adf606de5)] -> css selector: #priceTo]
2023-05-19 11:05:104 INFO  NewUsedCarPage :93 - Click on find my new car
2023-05-19 11:05:821 INFO  ResultPage :37 - Verify the result :[[ChromeDriver: chrome on WINDOWS (34f9840c88d332142057077adf606de5)] -> xpath: //h1[@class='listing-search-title']]
2023-05-19 11:05:439 INFO  HomePage :35 - Mouse hoover on search car and click :[[ChromeDriver: chrome on WINDOWS (2ee26feec06947f617d699f553623e82)] -> xpath: //a[normalize-space()='Search Cars']]
2023-05-19 11:05:879 INFO  NewUsedCarPage :33 - Verify Text New used Car : [[ChromeDriver: chrome on WINDOWS (2ee26feec06947f617d699f553623e82)] -> tag name: h1]
2023-05-19 11:05:23 INFO  NewUsedCarPage :45 - Select make :[[ChromeDriver: chrome on WINDOWS (2ee26feec06947f617d699f553623e82)] -> css selector: #makes]
2023-05-19 11:05:171 INFO  NewUsedCarPage :58 - Select Model : [[ChromeDriver: chrome on WINDOWS (2ee26feec06947f617d699f553623e82)] -> css selector: #models]
2023-05-19 11:05:320 INFO  NewUsedCarPage :70 - Select location : [[ChromeDriver: chrome on WINDOWS (2ee26feec06947f617d699f553623e82)] -> css selector: #locations]
2023-05-19 11:05:514 INFO  NewUsedCarPage :82 - Select price : [[ChromeDriver: chrome on WINDOWS (2ee26feec06947f617d699f553623e82)] -> css selector: #priceTo]
2023-05-19 11:05:361 INFO  NewUsedCarPage :93 - Click on find my new car
2023-05-19 11:05:684 INFO  ResultPage :37 - Verify the result :[[ChromeDriver: chrome on WINDOWS (2ee26feec06947f617d699f553623e82)] -> xpath: //h1[@class='listing-search-title']]
2023-05-19 11:05:124 INFO  HomePage :35 - Mouse hoover on search car and click :[[ChromeDriver: chrome on WINDOWS (28106c7dd5b96e22bfcc9c7bb97ce28c)] -> xpath: //a[normalize-space()='Search Cars']]
2023-05-19 11:05:294 INFO  NewUsedCarPage :33 - Verify Text New used Car : [[ChromeDriver: chrome on WINDOWS (28106c7dd5b96e22bfcc9c7bb97ce28c)] -> tag name: h1]
2023-05-19 11:05:487 INFO  NewUsedCarPage :45 - Select make :[[ChromeDriver: chrome on WINDOWS (28106c7dd5b96e22bfcc9c7bb97ce28c)] -> css selector: #makes]
2023-05-19 11:05:592 INFO  NewUsedCarPage :58 - Select Model : [[ChromeDriver: chrome on WINDOWS (28106c7dd5b96e22bfcc9c7bb97ce28c)] -> css selector: #models]
2023-05-19 11:05:728 INFO  NewUsedCarPage :70 - Select location : [[ChromeDriver: chrome on WINDOWS (28106c7dd5b96e22bfcc9c7bb97ce28c)] -> css selector: #locations]
2023-05-19 11:05:883 INFO  NewUsedCarPage :82 - Select price : [[ChromeDriver: chrome on WINDOWS (28106c7dd5b96e22bfcc9c7bb97ce28c)] -> css selector: #priceTo]
2023-05-19 11:05:875 INFO  NewUsedCarPage :93 - Click on find my new car
2023-05-19 11:05:163 INFO  ResultPage :37 - Verify the result :[[ChromeDriver: chrome on WINDOWS (28106c7dd5b96e22bfcc9c7bb97ce28c)] -> xpath: //h1[@class='listing-search-title']]
2023-05-19 11:05:451 INFO  HomePage :35 - Mouse hoover on search car and click :[[ChromeDriver: chrome on WINDOWS (8057f6e1fd84bf216e789137e2d8caab)] -> xpath: //a[normalize-space()='Search Cars']]
2023-05-19 11:05:715 INFO  NewUsedCarPage :33 - Verify Text New used Car : [[ChromeDriver: chrome on WINDOWS (8057f6e1fd84bf216e789137e2d8caab)] -> tag name: h1]
2023-05-19 11:05:940 INFO  NewUsedCarPage :45 - Select make :[[ChromeDriver: chrome on WINDOWS (8057f6e1fd84bf216e789137e2d8caab)] -> css selector: #makes]
2023-05-19 11:05:14 INFO  NewUsedCarPage :58 - Select Model : [[ChromeDriver: chrome on WINDOWS (8057f6e1fd84bf216e789137e2d8caab)] -> css selector: #models]
2023-05-19 11:05:110 INFO  NewUsedCarPage :70 - Select location : [[ChromeDriver: chrome on WINDOWS (8057f6e1fd84bf216e789137e2d8caab)] -> css selector: #locations]
2023-05-19 11:05:203 INFO  NewUsedCarPage :82 - Select price : [[ChromeDriver: chrome on WINDOWS (8057f6e1fd84bf216e789137e2d8caab)] -> css selector: #priceTo]
2023-05-19 11:05:680 INFO  NewUsedCarPage :93 - Click on find my new car
2023-05-19 11:05:919 INFO  ResultPage :37 - Verify the result :[[ChromeDriver: chrome on WINDOWS (8057f6e1fd84bf216e789137e2d8caab)] -> xpath: //h1[@class='listing-search-title']]
2023-05-19 11:05:601 INFO  HomePage :35 - Mouse hoover on search car and click :[[ChromeDriver: chrome on WINDOWS (0dddded449c907729160aa80ecca4cfd)] -> xpath: //a[normalize-space()='Search Cars']]
2023-05-19 11:05:765 INFO  NewUsedCarPage :33 - Verify Text New used Car : [[ChromeDriver: chrome on WINDOWS (0dddded449c907729160aa80ecca4cfd)] -> tag name: h1]
2023-05-19 11:05:897 INFO  NewUsedCarPage :45 - Select make :[[ChromeDriver: chrome on WINDOWS (0dddded449c907729160aa80ecca4cfd)] -> css selector: #makes]
2023-05-19 11:05:18 INFO  NewUsedCarPage :58 - Select Model : [[ChromeDriver: chrome on WINDOWS (0dddded449c907729160aa80ecca4cfd)] -> css selector: #models]
2023-05-19 11:05:90 INFO  NewUsedCarPage :70 - Select location : [[ChromeDriver: chrome on WINDOWS (0dddded449c907729160aa80ecca4cfd)] -> css selector: #locations]
2023-05-19 11:05:428 INFO  NewUsedCarPage :82 - Select price : [[ChromeDriver: chrome on WINDOWS (0dddded449c907729160aa80ecca4cfd)] -> css selector: #priceTo]
2023-05-19 11:05:944 INFO  NewUsedCarPage :93 - Click on find my new car
2023-05-19 11:05:263 INFO  ResultPage :37 - Verify the result :[[ChromeDriver: chrome on WINDOWS (0dddded449c907729160aa80ecca4cfd)] -> xpath: //h1[@class='listing-search-title']]
2023-05-19 11:05:422 INFO  HomePage :35 - Mouse hoover on search car and click :[[ChromeDriver: chrome on WINDOWS (b69893b28cb5535382d368cfd866a2b9)] -> xpath: //a[normalize-space()='Search Cars']]
2023-05-19 11:05:581 INFO  NewUsedCarPage :33 - Verify Text New used Car : [[ChromeDriver: chrome on WINDOWS (b69893b28cb5535382d368cfd866a2b9)] -> tag name: h1]
2023-05-19 11:05:750 INFO  NewUsedCarPage :45 - Select make :[[ChromeDriver: chrome on WINDOWS (b69893b28cb5535382d368cfd866a2b9)] -> css selector: #makes]
2023-05-19 11:05:893 INFO  NewUsedCarPage :58 - Select Model : [[ChromeDriver: chrome on WINDOWS (b69893b28cb5535382d368cfd866a2b9)] -> css selector: #models]
2023-05-19 11:05:991 INFO  NewUsedCarPage :70 - Select location : [[ChromeDriver: chrome on WINDOWS (b69893b28cb5535382d368cfd866a2b9)] -> css selector: #locations]
2023-05-19 11:05:129 INFO  NewUsedCarPage :82 - Select price : [[ChromeDriver: chrome on WINDOWS (b69893b28cb5535382d368cfd866a2b9)] -> css selector: #priceTo]
2023-05-19 11:05:539 INFO  NewUsedCarPage :93 - Click on find my new car
2023-05-19 11:05:26 INFO  ResultPage :37 - Verify the result :[[ChromeDriver: chrome on WINDOWS (b69893b28cb5535382d368cfd866a2b9)] -> xpath: //h1[@class='listing-search-title']]
2023-05-19 11:05:473 INFO  HomePage :45 - Mouse hoover on Used car and click : [[ChromeDriver: chrome on WINDOWS (07398082ba8200d923ce96b9cef97b2a)] -> link text: Used]
2023-05-19 11:05:675 INFO  UsedCarForSalePage :29 - Verify text used car :[[ChromeDriver: chrome on WINDOWS (07398082ba8200d923ce96b9cef97b2a)] -> tag name: h1]
2023-05-19 11:05:875 INFO  NewUsedCarPage :45 - Select make :[[ChromeDriver: chrome on WINDOWS (07398082ba8200d923ce96b9cef97b2a)] -> css selector: #makes]
2023-05-19 11:05:72 INFO  NewUsedCarPage :58 - Select Model : [[ChromeDriver: chrome on WINDOWS (07398082ba8200d923ce96b9cef97b2a)] -> css selector: #models]
2023-05-19 11:05:194 INFO  NewUsedCarPage :70 - Select location : [[ChromeDriver: chrome on WINDOWS (07398082ba8200d923ce96b9cef97b2a)] -> css selector: #locations]
2023-05-19 11:05:310 INFO  NewUsedCarPage :82 - Select price : [[ChromeDriver: chrome on WINDOWS (07398082ba8200d923ce96b9cef97b2a)] -> css selector: #priceTo]
2023-05-19 11:05:255 INFO  NewUsedCarPage :93 - Click on find my new car
2023-05-19 11:05:309 INFO  ResultPage :37 - Verify the result :[[ChromeDriver: chrome on WINDOWS (07398082ba8200d923ce96b9cef97b2a)] -> xpath: //h1[@class='listing-search-title']]
2023-05-19 11:05:352 INFO  HomePage :45 - Mouse hoover on Used car and click : [[ChromeDriver: chrome on WINDOWS (2b7fd54be70b67524f5ea286b222cdb1)] -> link text: Used]
2023-05-19 11:05:216 INFO  UsedCarForSalePage :29 - Verify text used car :[[ChromeDriver: chrome on WINDOWS (2b7fd54be70b67524f5ea286b222cdb1)] -> tag name: h1]
2023-05-19 11:05:574 INFO  NewUsedCarPage :45 - Select make :[[ChromeDriver: chrome on WINDOWS (2b7fd54be70b67524f5ea286b222cdb1)] -> css selector: #makes]
2023-05-19 11:05:826 INFO  NewUsedCarPage :58 - Select Model : [[ChromeDriver: chrome on WINDOWS (2b7fd54be70b67524f5ea286b222cdb1)] -> css selector: #models]
2023-05-19 11:05:984 INFO  NewUsedCarPage :70 - Select location : [[ChromeDriver: chrome on WINDOWS (2b7fd54be70b67524f5ea286b222cdb1)] -> css selector: #locations]
2023-05-19 11:05:110 INFO  NewUsedCarPage :82 - Select price : [[ChromeDriver: chrome on WINDOWS (2b7fd54be70b67524f5ea286b222cdb1)] -> css selector: #priceTo]
2023-05-19 11:05:484 INFO  NewUsedCarPage :93 - Click on find my new car
2023-05-19 11:05:706 INFO  ResultPage :37 - Verify the result :[[ChromeDriver: chrome on WINDOWS (2b7fd54be70b67524f5ea286b222cdb1)] -> xpath: //h1[@class='listing-search-title']]
2023-05-19 11:05:634 INFO  HomePage :45 - Mouse hoover on Used car and click : [[ChromeDriver: chrome on WINDOWS (8e664d4bd3dd614628bdb2bb5752f226)] -> link text: Used]
2023-05-19 11:05:879 INFO  UsedCarForSalePage :29 - Verify text used car :[[ChromeDriver: chrome on WINDOWS (8e664d4bd3dd614628bdb2bb5752f226)] -> tag name: h1]
2023-05-19 11:05:211 INFO  NewUsedCarPage :45 - Select make :[[ChromeDriver: chrome on WINDOWS (8e664d4bd3dd614628bdb2bb5752f226)] -> css selector: #makes]
2023-05-19 11:05:287 INFO  NewUsedCarPage :58 - Select Model : [[ChromeDriver: chrome on WINDOWS (8e664d4bd3dd614628bdb2bb5752f226)] -> css selector: #models]
2023-05-19 11:05:394 INFO  NewUsedCarPage :70 - Select location : [[ChromeDriver: chrome on WINDOWS (8e664d4bd3dd614628bdb2bb5752f226)] -> css selector: #locations]
2023-05-19 11:05:489 INFO  NewUsedCarPage :82 - Select price : [[ChromeDriver: chrome on WINDOWS (8e664d4bd3dd614628bdb2bb5752f226)] -> css selector: #priceTo]
2023-05-19 11:05:956 INFO  NewUsedCarPage :93 - Click on find my new car
2023-05-19 11:05:03 INFO  ResultPage :37 - Verify the result :[[ChromeDriver: chrome on WINDOWS (8e664d4bd3dd614628bdb2bb5752f226)] -> xpath: //h1[@class='listing-search-title']]
2023-05-19 11:05:865 INFO  HomePage :45 - Mouse hoover on Used car and click : [[ChromeDriver: chrome on WINDOWS (c77da9ba864bcc7d0106f7d9f7671c1c)] -> link text: Used]
2023-05-19 11:05:887 INFO  UsedCarForSalePage :29 - Verify text used car :[[ChromeDriver: chrome on WINDOWS (c77da9ba864bcc7d0106f7d9f7671c1c)] -> tag name: h1]
2023-05-19 11:05:182 INFO  NewUsedCarPage :45 - Select make :[[ChromeDriver: chrome on WINDOWS (c77da9ba864bcc7d0106f7d9f7671c1c)] -> css selector: #makes]
2023-05-19 11:05:247 INFO  NewUsedCarPage :58 - Select Model : [[ChromeDriver: chrome on WINDOWS (c77da9ba864bcc7d0106f7d9f7671c1c)] -> css selector: #models]
2023-05-19 11:05:366 INFO  NewUsedCarPage :70 - Select location : [[ChromeDriver: chrome on WINDOWS (c77da9ba864bcc7d0106f7d9f7671c1c)] -> css selector: #locations]
2023-05-19 11:05:442 INFO  NewUsedCarPage :82 - Select price : [[ChromeDriver: chrome on WINDOWS (c77da9ba864bcc7d0106f7d9f7671c1c)] -> css selector: #priceTo]
2023-05-19 11:05:274 INFO  NewUsedCarPage :93 - Click on find my new car
2023-05-19 11:05:379 INFO  ResultPage :37 - Verify the result :[[ChromeDriver: chrome on WINDOWS (c77da9ba864bcc7d0106f7d9f7671c1c)] -> xpath: //h1[@class='listing-search-title']]
2023-05-19 11:05:19 INFO  HomePage :45 - Mouse hoover on Used car and click : [[ChromeDriver: chrome on WINDOWS (6fb84d2803683962d6cb160e38445dd1)] -> link text: Used]
2023-05-19 11:05:204 INFO  UsedCarForSalePage :29 - Verify text used car :[[ChromeDriver: chrome on WINDOWS (6fb84d2803683962d6cb160e38445dd1)] -> tag name: h1]
2023-05-19 11:05:502 INFO  NewUsedCarPage :45 - Select make :[[ChromeDriver: chrome on WINDOWS (6fb84d2803683962d6cb160e38445dd1)] -> css selector: #makes]
2023-05-19 11:05:574 INFO  NewUsedCarPage :58 - Select Model : [[ChromeDriver: chrome on WINDOWS (6fb84d2803683962d6cb160e38445dd1)] -> css selector: #models]
2023-05-19 11:05:640 INFO  NewUsedCarPage :70 - Select location : [[ChromeDriver: chrome on WINDOWS (6fb84d2803683962d6cb160e38445dd1)] -> css selector: #locations]
2023-05-19 11:05:727 INFO  NewUsedCarPage :82 - Select price : [[ChromeDriver: chrome on WINDOWS (6fb84d2803683962d6cb160e38445dd1)] -> css selector: #priceTo]
2023-05-19 11:05:237 INFO  NewUsedCarPage :93 - Click on find my new car
2023-05-19 11:05:424 INFO  ResultPage :37 - Verify the result :[[ChromeDriver: chrome on WINDOWS (6fb84d2803683962d6cb160e38445dd1)] -> xpath: //h1[@class='listing-search-title']]
2023-05-19 11:05:604 INFO  HomePage :45 - Mouse hoover on Used car and click : [[ChromeDriver: chrome on WINDOWS (b8e29bef8f30f222ac4beaa3022dbfde)] -> link text: Used]
2023-05-19 11:05:688 INFO  UsedCarForSalePage :29 - Verify text used car :[[ChromeDriver: chrome on WINDOWS (b8e29bef8f30f222ac4beaa3022dbfde)] -> tag name: h1]
2023-05-19 11:05:05 INFO  NewUsedCarPage :45 - Select make :[[ChromeDriver: chrome on WINDOWS (b8e29bef8f30f222ac4beaa3022dbfde)] -> css selector: #makes]
2023-05-19 11:05:98 INFO  NewUsedCarPage :58 - Select Model : [[ChromeDriver: chrome on WINDOWS (b8e29bef8f30f222ac4beaa3022dbfde)] -> css selector: #models]
2023-05-19 11:05:199 INFO  NewUsedCarPage :70 - Select location : [[ChromeDriver: chrome on WINDOWS (b8e29bef8f30f222ac4beaa3022dbfde)] -> css selector: #locations]
2023-05-19 11:05:286 INFO  NewUsedCarPage :82 - Select price : [[ChromeDriver: chrome on WINDOWS (b8e29bef8f30f222ac4beaa3022dbfde)] -> css selector: #priceTo]
2023-05-19 11:05:503 INFO  NewUsedCarPage :93 - Click on find my new car
2023-05-19 11:05:720 INFO  ResultPage :37 - Verify the result :[[ChromeDriver: chrome on WINDOWS (b8e29bef8f30f222ac4beaa3022dbfde)] -> xpath: //h1[@class='listing-search-title']]
2023-05-19 11:05:75 INFO  HomePage :55 - Mouse hoover on find dealer and click : [[ChromeDriver: chrome on WINDOWS (e57cfbb5a0de0ff393a010c2a9ad9ae9)] -> xpath: //a[contains(text(),'Find a Dealer')]]
2023-05-19 11:05:485 INFO  FindDealPage :32 - Verify page find deal:[[ChromeDriver: chrome on WINDOWS (e57cfbb5a0de0ff393a010c2a9ad9ae9)] -> tag name: h1]
